09:40:40:388 Koneksi Database Local DBSIFIK Berhasil!
09:40:50:213 LOGIN ONLINE SUKSES, USER 93 NAMA LENGKAP UPIEXU HAK AKSES ADMINISTRATOR
09:45:51:435 Koneksi Database Local DBSIFIK Berhasil!
09:46:36:740 LOGIN ONLINE SUKSES, USER 93 NAMA LENGKAP UPIEXU HAK AKSES ADMINISTRATOR
09:51:28:700 Koneksi Database Local DBSIFIK Berhasil!
09:51:31:786 LOGIN ONLINE SUKSES, USER 93 NAMA LENGKAP UPIEXU HAK AKSES ADMINISTRATOR
09:55:08:801 SProser Penyimpanan Registrasi Add Mutasi LD
09:55:08:801 vBPKBID 
09:55:08:801 vNREG_BPKB R/L108022239/XI/2014/DITLLNTT
09:55:08:802 vNO_BPKB L 04070439
09:55:08:802 vNO_Rangka MH1JBK31XEK038386
09:55:08:802 vTglDaftar 20151212
09:55:08:802 vNama PAIJO

09:55:08:802 vAlamat JL SUKARNO NO 890 JAKARTA

09:55:08:802 vNOPOL EB 3334 BF
09:55:08:803 vPoldaID 10
09:55:08:803 vPolresID 2
09:55:08:803 vPetugasID 93
09:56:46:883 Koneksi Database Local DBSIFIK Berhasil!
09:56:51:378 LOGIN ONLINE SUKSES, USER 93 NAMA LENGKAP UPIEXU HAK AKSES ADMINISTRATOR
15:23:56:485 Koneksi Database Local DBSIFIK Berhasil!
15:25:26:150 LOGIN ONLINE SUKSES, USER 93 NAMA LENGKAP UPIEXU HAK AKSES ADMINISTRATOR
15:25:50:146 Sistem Sudah Ter-Install Font Sistem BPKB
15:27:28:061 Koneksi Database Local DBSIFIK Berhasil!
15:29:01:624 LOGIN ONLINE SUKSES, USER 93 NAMA LENGKAP UPIEXU HAK AKSES ADMINISTRATOR
15:31:47:048 Koneksi Database Local DBSIFIK Berhasil!
15:31:50:214 LOGIN ONLINE SUKSES, USER 93 NAMA LENGKAP UPIEXU HAK AKSES ADMINISTRATOR
15:40:13:931 Koneksi Database Local DBSIFIK Berhasil!
15:40:26:252 LOGIN ONLINE SUKSES, USER 93 NAMA LENGKAP UPIEXU HAK AKSES ADMINISTRATOR
15:40:29:934 Sistem Sudah Ter-Install Font Sistem BPKB
15:43:25:229 Koneksi Database Local DBSIFIK Berhasil!
15:43:29:633 LOGIN ONLINE SUKSES, USER 93 NAMA LENGKAP UPIEXU HAK AKSES ADMINISTRATOR
15:43:32:727 Sistem Sudah Ter-Install Font Sistem BPKB
15:44:41:235 Koneksi Database Local DBSIFIK Berhasil!
15:44:46:752 LOGIN ONLINE SUKSES, USER 93 NAMA LENGKAP UPIEXU HAK AKSES ADMINISTRATOR
15:44:49:824 Sistem Sudah Ter-Install Font Sistem BPKB
15:47:58:453 Koneksi Database Local DBSIFIK Berhasil!
15:48:02:498 LOGIN ONLINE SUKSES, USER 93 NAMA LENGKAP UPIEXU HAK AKSES ADMINISTRATOR
15:48:05:587 Sistem Sudah Ter-Install Font Sistem BPKB
15:55:53:408 Koneksi Database Local DBSIFIK Berhasil!
15:55:57:700 LOGIN ONLINE SUKSES, USER 93 NAMA LENGKAP UPIEXU HAK AKSES ADMINISTRATOR
15:56:01:059 Sistem Sudah Ter-Install Font Sistem BPKB
