05:30:30:727 Koneksi Database Local DBSIFIK Berhasil!
08:58:03:023 Koneksi Database Local DBSIFIK Berhasil!
08:58:15:028 LOGIN ONLINE SUKSES, USER 93 NAMA LENGKAP UPIEXU HAK AKSES ADMINISTRATOR
10:38:06:859 Koneksi Database Local DBSIFIK Berhasil!
10:38:50:310 Koneksi Database Local DBSIFIK Berhasil!
10:38:54:526 LOGIN ONLINE SUKSES, USER 93 NAMA LENGKAP UPIEXU HAK AKSES ADMINISTRATOR
10:40:59:016 Koneksi Database Local DBSIFIK Berhasil!
10:41:25:989 Koneksi Database Local DBSIFIK Berhasil!
10:41:28:953 LOGIN ONLINE SUKSES, USER 93 NAMA LENGKAP UPIEXU HAK AKSES ADMINISTRATOR
10:43:10:970 Start --Pembuatan Label
10:43:11:352 v_polda_id : 21
10:43:11:698 v_polres_id : 1
10:43:11:930 v_jenis_penerbitan : 1
10:43:12:164 v_is_no_bpkb_null : 1
10:43:12:374 v_seri_bpkb : L
10:43:12:585 v_kd_wil_bpkb : R
10:43:12:796 v_no_awal_bpkb : 10264725
10:43:13:008 v_bln_th_reg : /VIII/2015
10:43:13:248 v_akhiran_reg : DITLLSS
10:43:13:458 v_no_nreg_awal : 1337935
10:43:13:676 v_tgl_proses : 20150807
10:43:13:978 v_jml_data : 1
10:43:14:267 End --Pembuatan Label
10:46:34:637 Koneksi Database Local DBSIFIK Berhasil!
10:46:40:891 LOGIN ONLINE SUKSES, USER 93 NAMA LENGKAP UPIEXU HAK AKSES ADMINISTRATOR
14:59:24:011 Koneksi Database Local DBSIFIK Berhasil!
14:59:28:572 LOGIN ONLINE SUKSES, USER 93 NAMA LENGKAP UPIEXU HAK AKSES ADMINISTRATOR
