11:45:33:143 Setting Database Berhasil !
11:45:47:596 Koneksi Database Local DBSIFIK Berhasil!
11:45:51:399 LOGIN ONLINE SUKSES, USER 93 NAMA LENGKAP UPIEXU HAK AKSES ADMINISTRATOR
11:49:18:552 Koneksi Database Local DBSIFIK Berhasil!
11:49:22:889 LOGIN ONLINE SUKSES, USER 93 NAMA LENGKAP UPIEXU HAK AKSES ADMINISTRATOR
11:50:54:971 Koneksi Database Local DBSIFIK Berhasil!
11:50:57:900 LOGIN ONLINE SUKSES, USER 93 NAMA LENGKAP UPIEXU HAK AKSES ADMINISTRATOR
11:54:44:755 Koneksi Database Local DBSIFIK Berhasil!
11:54:47:732 LOGIN ONLINE SUKSES, USER 93 NAMA LENGKAP UPIEXU HAK AKSES ADMINISTRATOR
11:55:41:335 Koneksi Database Local DBSIFIK Berhasil!
11:55:44:162 LOGIN ONLINE SUKSES, USER 93 NAMA LENGKAP UPIEXU HAK AKSES ADMINISTRATOR
11:58:48:421 Koneksi Database Local DBSIFIK Berhasil!
11:58:51:576 LOGIN ONLINE SUKSES, USER 93 NAMA LENGKAP UPIEXU HAK AKSES ADMINISTRATOR
11:59:46:912 Koneksi Database Local DBSIFIK Berhasil!
11:59:53:502 LOGIN ONLINE SUKSES, USER 93 NAMA LENGKAP UPIEXU HAK AKSES ADMINISTRATOR
12:03:44:658 vPOLDA_ID 21
12:03:44:658 vPOLRES_ID 1
12:03:44:659 vHIST_ID 
12:03:44:659 vBPKB_ID 1336402
12:03:44:659 vHIST_TITLE GANTI NOMOR REGISTRASI
12:03:44:659 vNREG 
12:03:44:659 vMODEL_ID 8
12:03:44:659 vJENIS_ID 1
12:03:44:659 vNO_POLISI DH 722
12:03:44:660 vNO_IDENTITAS 3172025803954090
12:03:44:660 vNAMA_PEMILIK AHMAD PRUHUMAN AMIR 

12:03:44:660 vPEKERJAAN_PEMILIK KARYAWAN SWASTA
12:03:44:660 vNO_PONSEL 
12:03:44:660 vALAMAT_PEMILIK JL KAMPUNG KAPUK RT 003 RW 004 
LEBAK BULUS CILANDAK JAKARTA 
SELATAN

12:03:44:660 vWILAYAH_ID 139
12:03:44:660 vKODE_POS 
12:03:44:661 vWARNA_ID 3
12:03:44:661 vWARNATNKB_ID 1
12:03:44:661 vREG_DATE 20150727
12:03:44:661 vOP_ID 93
12:03:44:661 vDASAR_PERUBAHAN STNK
12:03:44:661 vPRB_ID 24
12:03:44:662 vPEMOHON 236
12:03:44:662 vHistID 
12:10:02:602 Koneksi Database Local DBSIFIK Berhasil!
12:10:08:743 LOGIN ONLINE SUKSES, USER 93 NAMA LENGKAP UPIEXU HAK AKSES ADMINISTRATOR
13:53:06:806 Koneksi Database Local DBSIFIK Berhasil!
13:53:10:099 LOGIN ONLINE SUKSES, USER 93 NAMA LENGKAP UPIEXU HAK AKSES ADMINISTRATOR
14:13:19:923 Koneksi Database Local DBSIFIK Berhasil!
14:13:23:463 LOGIN ONLINE SUKSES, USER 93 NAMA LENGKAP UPIEXU HAK AKSES ADMINISTRATOR
14:15:57:401 Koneksi Database Local DBSIFIK Berhasil!
14:16:00:228 LOGIN ONLINE SUKSES, USER 93 NAMA LENGKAP UPIEXU HAK AKSES ADMINISTRATOR
14:19:31:590 Koneksi Database Local DBSIFIK Berhasil!
14:19:34:629 LOGIN ONLINE SUKSES, USER 93 NAMA LENGKAP UPIEXU HAK AKSES ADMINISTRATOR
14:21:09:700 Koneksi Database Local DBSIFIK Berhasil!
14:21:09:816 Koneksi Database Local DBSIFIK Berhasil!
14:21:17:837 LOGIN ONLINE SUKSES, USER 93 NAMA LENGKAP UPIEXU HAK AKSES ADMINISTRATOR
