10:50:19:905 Koneksi Database Local DBSIFIK Berhasil!
10:50:23:313 LOGIN ONLINE SUKSES, USER 93 NAMA LENGKAP UPIEXU HAK AKSES ADMINISTRATOR
11:59:14:269 Koneksi Database Local DBSIFIK Berhasil!
12:33:12:366 Koneksi Database Local DBSIFIK Berhasil!
12:33:15:504 LOGIN ONLINE SUKSES, USER 93 NAMA LENGKAP UPIEXU HAK AKSES ADMINISTRATOR
15:24:14:481 Koneksi Database Local DBSIFIK Berhasil!
15:24:18:147 LOGIN ONLINE SUKSES, USER 93 NAMA LENGKAP UPIEXU HAK AKSES ADMINISTRATOR
15:28:48:118 SProser Penyimpanan Registrasi Add Mutasi LD
15:28:48:118 vBPKBID 
15:28:48:118 vNREG_BPKB R/L101003928/IV/2015/DITLLPMTJ
15:28:48:118 vNO_BPKB L 00003928
15:28:48:118 vNO_Rangka MH8CE47AAEJ104672
15:28:48:118 vTglDaftar 20150915
15:28:48:119 vNama ATWIS ANDREAS HADI SAPUTRO

15:28:48:119 vAlamat JL MANDORHASSAN GG SAID TABAN NO 99 
CIPAYUNG JAKARTA TIMUR

15:28:48:119 vNOPOL DD 2000 AA
15:28:48:119 vPoldaID 10
15:28:48:119 vPolresID 4
15:28:48:119 vPetugasID 93
15:29:33:995 Koneksi Database Local DBSIFIK Berhasil!
15:29:37:889 LOGIN ONLINE SUKSES, USER 93 NAMA LENGKAP UPIEXU HAK AKSES ADMINISTRATOR
15:31:29:916 SProser Penyimpanan Registrasi Add Mutasi LD
15:31:29:916 vBPKBID 
15:31:29:916 vNREG_BPKB R/L101003927/IV/2015/DITLLPMTJ
15:31:29:916 vNO_BPKB L 00003927
15:31:29:917 vNO_Rangka MHKA4DA3JFJ055538
15:31:29:917 vTglDaftar 20150915
15:31:29:917 vNama BAYU SAPUTRO

15:31:29:917 vAlamat JL PERMATA RAYA NO 90
CIPINANG SELATAN

15:31:29:917 vNOPOL DD 401 IF
15:31:29:918 vPoldaID 10
15:31:29:918 vPolresID 4
15:31:29:918 vPetugasID 93
