00:09:15:574 Setting Database Berhasil !
00:09:19:178 Koneksi Database Local DBSIFIK Berhasil!
00:09:24:541 LOGIN ONLINE SUKSES, USER 93 NAMA LENGKAP UPIEXU HAK AKSES ADMINISTRATOR
05:42:42:350 Koneksi Database Local DBSIFIK Berhasil!
05:42:47:568 LOGIN ONLINE SUKSES, USER 93 NAMA LENGKAP UPIEXU HAK AKSES ADMINISTRATOR
06:11:44:937 Koneksi Database Local DBSIFIK Berhasil!
06:11:51:182 LOGIN ONLINE SUKSES, USER 93 NAMA LENGKAP UPIEXU HAK AKSES ADMINISTRATOR
06:26:48:923 Koneksi Database Local DBSIFIK Berhasil!
06:27:27:775 LOGIN ONLINE SUKSES, USER 93 NAMA LENGKAP UPIEXU HAK AKSES ADMINISTRATOR
06:28:18:387 Start --Pembuatan Label
06:28:18:387 v_polda_id : 17
06:28:18:387 v_polres_id : 1
06:28:18:388 v_jenis_penerbitan : 1
06:28:18:388 v_is_no_bpkb_null : 1
06:28:18:388 v_seri_bpkb : M
06:28:18:388 v_kd_wil_bpkb : 
06:28:18:388 v_no_awal_bpkb : 03197655
06:28:18:389 v_bln_th_reg : /IX/2015
06:28:18:389 v_akhiran_reg : DITLLNTT
06:28:18:389 v_no_nreg_awal : 39312
06:28:18:389 v_tgl_proses : 20150922
06:28:18:389 v_jml_data : 1
06:28:18:389 End --Pembuatan Label
06:29:29:591 Start --Pembuatan Label
06:29:29:591 v_polda_id : 17
06:29:29:592 v_polres_id : 1
06:29:29:592 v_jenis_penerbitan : 2
06:29:29:592 v_is_no_bpkb_null : 1
06:29:29:592 v_seri_bpkb : M
06:29:29:592 v_kd_wil_bpkb : 
06:29:29:592 v_no_awal_bpkb : 03195977
06:29:29:593 v_bln_th_reg : /IX/2015
06:29:29:593 v_akhiran_reg : DITLLNTT
06:29:29:593 v_no_nreg_awal : 39207
06:29:29:593 v_tgl_proses : 20150922
06:29:29:593 v_jml_data : 1
06:29:29:593 End --Pembuatan Label
07:00:04:478 TRACE LOG -- PENDAFTARAN --
07:00:04:478 vNoRangka : MH35D9307FJ058807
07:00:04:479 vTglDaftar : 20150922
07:00:04:479 vNoBPKB : 
07:00:04:479 vPemohonID : 236
07:00:04:479 vPetugasID : 93
07:00:04:479 vBarcodeBank : MKS9PMJ0011509220001
07:00:04:479 vLoketNo : PMJ001
07:00:04:479 vEnrollmentType : 1
07:00:04:480 vTypeDaftaran : 0
07:00:04:480 vMerkID : 
07:00:37:403 TRACE LOG -- PENDAFTARAN --
07:00:37:403 vNoRangka : MNBLMFF20EW322543
07:00:37:403 vTglDaftar : 20150922
07:00:37:403 vNoBPKB : 
07:00:37:404 vPemohonID : 236
07:00:37:404 vPetugasID : 93
07:00:37:404 vBarcodeBank : MKS9PMJ0011509220003
07:00:37:404 vLoketNo : PMJ001
07:00:37:404 vEnrollmentType : 1
07:00:37:404 vTypeDaftaran : 0
07:00:37:404 vMerkID : 
07:05:45:363 ***START FOR TRACE LOG ADD BPKB - BBN 1 - M 03197655***
07:05:45:363 SProser Penyimpanan Registrasi BBN1
07:05:45:363 vBERKAS_ID 1471411
07:05:45:364 vNO_BPKB M 03197655
07:05:45:364 vTGL_BPKB 20150922
07:05:45:364 vTGL_FAKTUR 20150228
07:05:45:364 vNO_RANGKA MH35D9307FJ058807
07:05:45:364 vNO_MESIN 5D9-2058727
07:05:45:364 vNO_POLISI DH 3079 HR
07:05:45:364 vTPT_DAFTAR_STNK 
07:05:45:365 vTGL_DAFTAR_STNK 
07:05:45:365 vNREG_BPKB R/M101040551/IX/2015/DITLLNTT
07:05:45:365 vJML_RODA 2
07:05:45:365 vTHN_BUAT 2015
07:05:45:365 vTHN_RAKIT 2015
07:05:45:365 vJML_SUMBU 0
07:05:45:365 vVOL_SILINDER 115
07:05:45:366 vBB_ID 1
07:05:45:366 vWARNA_ID 3
07:05:45:366 vMERK_ID 12
07:05:45:366 vTIPE 5D9 (VEGA RR)
07:05:45:366 vTIPE2 
07:05:45:366 vMODEL_ID 37
07:05:45:366 vJENIS_ID 4
07:05:45:366 vNO_IDENTITAS 537103505870002
07:05:45:367 vNAMA_PEMILIK CINDY JULIANA AGUSTHINE NALLE 

07:05:45:367 vNO_PONSEL 
07:05:45:367 vALAMAT_PEMILIK JLN. ADI SUCIPTO RT/RW 035/012 
KEL. OESAPA KEC. KELAPA LIMA 
KOTA KUPANG

07:05:45:367 vKEL_ID OESAPA
07:05:45:367 vKEC_ID KELAPA LIMA
07:05:45:367 vKAB_ID KUPANG
07:05:45:367 vPROP_ID NUSA TENGGARA TIMUR (NTT)
07:05:45:368 vKODE_POS 85228
07:05:45:368 vWILAYAH_ID 81
07:05:45:368 vPEKERJAAN_PEMILIK 
07:05:45:368 vNO_UJI_TIPE SK.3186/AJ.402/DRJD/2008
07:05:45:368 vNO_UJI_BERKALA 727/IUBTT/TPT/4/2013
07:05:45:368 vWARNATNKB_ID 1
07:05:45:369 vTEMPAT_KELUAR KUPANG
07:05:45:369 vJD_ID 1
07:05:45:369 vNO_PABEAN 
07:05:45:369 vTGL_PABEAN 
07:05:45:369 vPELABUHAN 
07:05:45:369 vIMPMTHD_ID 0
07:05:45:369 vNO_FAKTUR 00214/5D/ZA2701-1015
07:05:45:369 vNO_CKD 
07:05:45:369 vKETR_PABEAN -
07:05:45:369 vPRT_ID 5
07:05:45:370 vNO_PIB 311808
07:05:45:370 vTGL_PIB 
07:05:45:370 vNAMA_IMPORTIR PT. YAMAHA INDONESIA MOTOR MFG
07:05:45:370 vPREVBPKB_ID 
07:05:45:370 vNO_PREVBPKB 
07:05:45:370 vTGL_PREVBPKB 
07:05:45:370 vNREG_PREVBPKB 
07:05:45:370 vTPT_KELUAR_PREVBPKB 
07:05:45:370 vNAMA_PREVPEMILIK 
07:05:45:370 vALAMAT_PREVPEMILIK 
07:05:45:371 vSEBAB_TDKBERLAKU 
07:05:45:371 vSEBAB_TDKBERLAKU_CODE 0
07:05:45:371 vKPKMBR_ID 236
07:05:45:371 vOP_ID 93
07:05:45:371 vNOPOL_REQUEST 0
07:05:45:371 vIS_REPLACEMENT 0
07:05:45:371 vNO_RESI_BAYAR 123456789
07:05:45:371 vPMT_PROD 
07:05:45:371 vIS_BBN2 0
07:05:45:371 vENROLLMENT_TYPE 1
07:05:45:371 vPOLDA_ID 17
07:05:45:371 vPOLRES_ID 1
07:05:45:372 vKISIGN_ID 0
07:05:45:372 vTGLREGISTER 20150922
07:05:45:372 vPemohonID 236
07:05:45:372 ***END FOR TRACE LOG ADD BPKB - BBN1 - M 03197655***
07:05:53:992 ***START FOR TRACE LOG ADD BPKB - BBN 1 - M 03197655***
07:05:53:992 SProser Penyimpanan Registrasi BBN1
07:05:53:992 vBERKAS_ID 1471411
07:05:53:992 vNO_BPKB M 03197655
07:05:53:992 vTGL_BPKB 20150922
07:05:53:992 vTGL_FAKTUR 20150228
07:05:53:993 vNO_RANGKA MH35D9307FJ058807
07:05:53:993 vNO_MESIN 5D9-2058727
07:05:53:993 vNO_POLISI DH 3079 HR
07:05:53:993 vTPT_DAFTAR_STNK 
07:05:53:993 vTGL_DAFTAR_STNK 
07:05:53:993 vNREG_BPKB R/M101040551/IX/2015/DITLLNTT
07:05:53:993 vJML_RODA 2
07:05:53:993 vTHN_BUAT 2015
07:05:53:993 vTHN_RAKIT 2015
07:05:53:993 vJML_SUMBU 0
07:05:53:994 vVOL_SILINDER 115
07:05:53:994 vBB_ID 1
07:05:53:994 vWARNA_ID 3
07:05:53:994 vMERK_ID 12
07:05:53:994 vTIPE 5D9 (VEGA RR)
07:05:53:994 vTIPE2 
07:05:53:994 vMODEL_ID 37
07:05:53:994 vJENIS_ID 4
07:05:53:994 vNO_IDENTITAS 537103505870002
07:05:53:994 vNAMA_PEMILIK CINDY JULIANA AGUSTHINE NALLE 

07:05:53:995 vNO_PONSEL 
07:05:53:995 vALAMAT_PEMILIK JLN. ADI SUCIPTO RT/RW 035/012 
KEL. OESAPA KEC. KELAPA LIMA 
KOTA KUPANG

07:05:53:995 vKEL_ID OESAPA
07:05:53:995 vKEC_ID KELAPA LIMA
07:05:53:995 vKAB_ID KUPANG
07:05:53:995 vPROP_ID NUSA TENGGARA TIMUR (NTT)
07:05:53:995 vKODE_POS 85228
07:05:53:995 vWILAYAH_ID 81
07:05:53:995 vPEKERJAAN_PEMILIK 
07:05:53:995 vNO_UJI_TIPE SK.3186/AJ.402/DRJD/2008
07:05:53:996 vNO_UJI_BERKALA 727/IUBTT/TPT/4/2013
07:05:53:996 vWARNATNKB_ID 1
07:05:53:996 vTEMPAT_KELUAR KUPANG
07:05:53:996 vJD_ID 1
07:05:53:996 vNO_PABEAN 
07:05:53:996 vTGL_PABEAN 
07:05:53:996 vPELABUHAN 
07:05:53:996 vIMPMTHD_ID 0
07:05:53:996 vNO_FAKTUR 00214/5D/ZA2701-1015
07:05:53:997 vNO_CKD 
07:05:53:997 vKETR_PABEAN -
07:05:53:997 vPRT_ID 5
07:05:53:997 vNO_PIB 311808
07:05:53:997 vTGL_PIB 
07:05:53:997 vNAMA_IMPORTIR PT. YAMAHA INDONESIA MOTOR MFG
07:05:53:997 vPREVBPKB_ID 
07:05:53:997 vNO_PREVBPKB 
07:05:53:997 vTGL_PREVBPKB 
07:05:53:997 vNREG_PREVBPKB 
07:05:53:997 vTPT_KELUAR_PREVBPKB 
07:05:53:998 vNAMA_PREVPEMILIK 
07:05:53:998 vALAMAT_PREVPEMILIK 
07:05:53:998 vSEBAB_TDKBERLAKU 
07:05:53:998 vSEBAB_TDKBERLAKU_CODE 0
07:05:53:998 vKPKMBR_ID 236
07:05:53:998 vOP_ID 93
07:05:53:998 vNOPOL_REQUEST 0
07:05:53:998 vIS_REPLACEMENT 0
07:05:53:998 vNO_RESI_BAYAR 123456789
07:05:53:998 vPMT_PROD 
07:05:53:998 vIS_BBN2 0
07:05:53:998 vENROLLMENT_TYPE 1
07:05:53:999 vPOLDA_ID 17
07:05:53:999 vPOLRES_ID 1
07:05:53:999 vKISIGN_ID 0
07:05:53:999 vTGLREGISTER 20150922
07:05:53:999 vPemohonID 236
07:05:53:999 ***END FOR TRACE LOG ADD BPKB - BBN1 - M 03197655***
07:06:03:255 ***START FOR TRACE LOG ADD BPKB - BBN 1 - M 03197655***
07:06:03:256 SProser Penyimpanan Registrasi BBN1
07:06:03:256 vBERKAS_ID 1471411
07:06:03:256 vNO_BPKB M 03197655
07:06:03:256 vTGL_BPKB 20150922
07:06:03:256 vTGL_FAKTUR 20150228
07:06:03:256 vNO_RANGKA MH35D9307FJ058807
07:06:03:256 vNO_MESIN 5D9-2058727
07:06:03:256 vNO_POLISI DH 3079 HR
07:06:03:257 vTPT_DAFTAR_STNK 
07:06:03:257 vTGL_DAFTAR_STNK 
07:06:03:257 vNREG_BPKB R/M101040551/IX/2015/DITLLNTT
07:06:03:257 vJML_RODA 2
07:06:03:257 vTHN_BUAT 2015
07:06:03:257 vTHN_RAKIT 2015
07:06:03:257 vJML_SUMBU 0
07:06:03:257 vVOL_SILINDER 115
07:06:03:257 vBB_ID 1
07:06:03:258 vWARNA_ID 3
07:06:03:258 vMERK_ID 12
07:06:03:258 vTIPE 5D9 (VEGA RR)
07:06:03:258 vTIPE2 
07:06:03:258 vMODEL_ID 37
07:06:03:258 vJENIS_ID 4
07:06:03:258 vNO_IDENTITAS 537103505870002
07:06:03:258 vNAMA_PEMILIK CINDY JULIANA AGUSTHINE NALLE 

07:06:03:258 vNO_PONSEL 
07:06:03:258 vALAMAT_PEMILIK JLN. ADI SUCIPTO RT/RW 035/012 
KEL. OESAPA KEC. KELAPA LIMA 
KOTA KUPANG

07:06:03:259 vKEL_ID OESAPA
07:06:03:259 vKEC_ID KELAPA LIMA
07:06:03:259 vKAB_ID KUPANG
07:06:03:259 vPROP_ID NUSA TENGGARA TIMUR (NTT)
07:06:03:259 vKODE_POS 85228
07:06:03:259 vWILAYAH_ID 81
07:06:03:259 vPEKERJAAN_PEMILIK -
07:06:03:259 vNO_UJI_TIPE SK.3186/AJ.402/DRJD/2008
07:06:03:259 vNO_UJI_BERKALA 727/IUBTT/TPT/4/2013
07:06:03:260 vWARNATNKB_ID 1
07:06:03:260 vTEMPAT_KELUAR KUPANG
07:06:03:260 vJD_ID 1
07:06:03:260 vNO_PABEAN 
07:06:03:260 vTGL_PABEAN 
07:06:03:260 vPELABUHAN 
07:06:03:260 vIMPMTHD_ID 0
07:06:03:260 vNO_FAKTUR 00214/5D/ZA2701-1015
07:06:03:260 vNO_CKD 
07:06:03:260 vKETR_PABEAN -
07:06:03:261 vPRT_ID 5
07:06:03:261 vNO_PIB 311808
07:06:03:261 vTGL_PIB 
07:06:03:261 vNAMA_IMPORTIR PT. YAMAHA INDONESIA MOTOR MFG
07:06:03:261 vPREVBPKB_ID 
07:06:03:261 vNO_PREVBPKB 
07:06:03:261 vTGL_PREVBPKB 
07:06:03:261 vNREG_PREVBPKB 
07:06:03:261 vTPT_KELUAR_PREVBPKB 
07:06:03:262 vNAMA_PREVPEMILIK 
07:06:03:262 vALAMAT_PREVPEMILIK 
07:06:03:262 vSEBAB_TDKBERLAKU 
07:06:03:262 vSEBAB_TDKBERLAKU_CODE 0
07:06:03:262 vKPKMBR_ID 236
07:06:03:262 vOP_ID 93
07:06:03:262 vNOPOL_REQUEST 0
07:06:03:262 vIS_REPLACEMENT 0
07:06:03:262 vNO_RESI_BAYAR 123456789
07:06:03:262 vPMT_PROD 
07:06:03:262 vIS_BBN2 0
07:06:03:263 vENROLLMENT_TYPE 1
07:06:03:263 vPOLDA_ID 17
07:06:03:263 vPOLRES_ID 1
07:06:03:263 vKISIGN_ID 0
07:06:03:263 vTGLREGISTER 20150922
07:06:03:263 vPemohonID 236
07:06:03:263 ***END FOR TRACE LOG ADD BPKB - BBN1 - M 03197655***
07:06:03:398 RESPONSE FROM SERVER - BBN1 - [NO BPKB ]: M 03197655 - PROSES REGISTRASI SUKSES ! , BPKB ID 1336415
07:10:26:629 ***START FOR TRACE LOG ADD BPKB - BBN 1 - M 03195977***
07:10:26:629 SProser Penyimpanan Registrasi BBN1
07:10:26:629 vBERKAS_ID 1471413
07:10:26:629 vNO_BPKB M 03195977
07:10:26:629 vTGL_BPKB 20150922
07:10:26:629 vTGL_FAKTUR 20150814
07:10:26:629 vNO_RANGKA MNBLMFF20EW322543
07:10:26:629 vNO_MESIN P4AT1221319
07:10:26:630 vNO_POLISI DH 8144 AG
07:10:26:630 vTPT_DAFTAR_STNK 
07:10:26:630 vTGL_DAFTAR_STNK 
07:10:26:630 vNREG_BPKB R/M201003076/IX/2015/DITLLNTT
07:10:26:630 vJML_RODA 4
07:10:26:630 vTHN_BUAT 2014
07:10:26:630 vTHN_RAKIT 2014
07:10:26:630 vJML_SUMBU 2
07:10:26:630 vVOL_SILINDER 2198
07:10:26:631 vBB_ID 3
07:10:26:631 vWARNA_ID 3
07:10:26:631 vMERK_ID 26
07:10:26:631 vTIPE DOUBLE CAB
07:10:26:631 vTIPE2 BASE 2.2L (4X4) MT
07:10:26:631 vMODEL_ID 22
07:10:26:631 vJENIS_ID 3
07:10:26:631 vNO_IDENTITAS 090117728063
07:10:26:631 vNAMA_PEMILIK PT. ADI SARANA ARMADA TBK 

07:10:26:631 vNO_PONSEL 
07:10:26:632 vALAMAT_PEMILIK JL. OESAO JURUSAN OEKABITI 
RT/RW 046/015 KEL. OESAO 
KEC. KUPANG TIMUR KUPANG

07:10:26:632 vKEL_ID OESAO (II, III)
07:10:26:632 vKEC_ID KUPANG TIMUR
07:10:26:632 vKAB_ID KUPANG
07:10:26:632 vPROP_ID NUSA TENGGARA TIMUR (NTT)
07:10:26:632 vKODE_POS 85362
07:10:26:632 vWILAYAH_ID 81
07:10:26:632 vPEKERJAAN_PEMILIK -
07:10:26:632 vNO_UJI_TIPE SK.3884/AJ.402/DRJD/2013
07:10:26:633 vNO_UJI_BERKALA 2560/IUBTT/TPT/12/2014
07:10:26:633 vWARNATNKB_ID 1
07:10:26:633 vTEMPAT_KELUAR KUPANG
07:10:26:633 vJD_ID 4
07:10:26:633 vNO_PABEAN FA.109793/KPU.01/DB.02/M/2014
07:10:26:633 vTGL_PABEAN 
07:10:26:633 vPELABUHAN 
07:11:20:626 ***START FOR TRACE LOG ADD BPKB - BBN 1 - M 03195977***
07:11:20:626 SProser Penyimpanan Registrasi BBN1
07:11:20:626 vBERKAS_ID 1471413
07:11:20:626 vNO_BPKB M 03195977
07:11:20:626 vTGL_BPKB 20150922
07:11:20:626 vTGL_FAKTUR 20150814
07:11:20:627 vNO_RANGKA MNBLMFF20EW322543
07:11:20:627 vNO_MESIN P4AT1221319
07:11:20:627 vNO_POLISI DH 8144 AG
07:11:20:627 vTPT_DAFTAR_STNK 
07:11:20:627 vTGL_DAFTAR_STNK 
07:11:20:627 vNREG_BPKB R/M201003076/IX/2015/DITLLNTT
07:11:20:627 vJML_RODA 4
07:11:20:627 vTHN_BUAT 2014
07:11:20:627 vTHN_RAKIT 2014
07:11:20:628 vJML_SUMBU 2
07:11:20:628 vVOL_SILINDER 2198
07:11:20:628 vBB_ID 3
07:11:20:628 vWARNA_ID 3
07:11:20:628 vMERK_ID 26
07:11:20:628 vTIPE DOUBLE CAB
07:11:20:628 vTIPE2 BASE 2.2L (4X4) MT
07:11:20:628 vMODEL_ID 22
07:11:20:628 vJENIS_ID 3
07:11:20:628 vNO_IDENTITAS 090117728063
07:11:20:629 vNAMA_PEMILIK PT. ADI SARANA ARMADA TBK 

07:11:20:629 vNO_PONSEL 
07:11:20:629 vALAMAT_PEMILIK JL. OESAO JURUSAN OEKABITI 
RT/RW 046/015 KEL. OESAO 
KEC. KUPANG TIMUR KUPANG

07:11:20:629 vKEL_ID OESAO (II, III)
07:11:20:629 vKEC_ID KUPANG TIMUR
07:11:20:629 vKAB_ID KUPANG
07:11:20:629 vPROP_ID NUSA TENGGARA TIMUR (NTT)
07:11:20:629 vKODE_POS 85362
07:11:20:629 vWILAYAH_ID 81
07:11:20:630 vPEKERJAAN_PEMILIK -
07:11:20:630 vNO_UJI_TIPE SK.3884/AJ.402/DRJD/2013
07:11:20:630 vNO_UJI_BERKALA 2560/IUBTT/TPT/12/2014
07:11:20:630 vWARNATNKB_ID 1
07:11:20:630 vTEMPAT_KELUAR KUPANG
07:11:20:630 vJD_ID 4
07:11:20:630 vNO_PABEAN FA.109793/KPU.01/DB.02/M/2014
07:11:20:630 vTGL_PABEAN 
07:11:20:630 vPELABUHAN 
07:11:20:630 vIMPMTHD_ID 3
07:11:20:631 vNO_FAKTUR 103786/FMIF07
07:11:20:631 vNO_CKD 
07:11:20:631 vKETR_PABEAN -
07:11:20:631 vPRT_ID 5
07:11:20:631 vNO_PIB 495602
07:11:20:631 vTGL_PIB 
07:11:20:631 vNAMA_IMPORTIR PT. FORD MOTOR INDONESIA
07:11:20:631 vPREVBPKB_ID 
07:11:20:631 vNO_PREVBPKB 
07:11:20:632 vTGL_PREVBPKB 
07:11:20:632 vNREG_PREVBPKB 
07:11:20:632 vTPT_KELUAR_PREVBPKB 
07:11:20:632 vNAMA_PREVPEMILIK 
07:11:20:632 vALAMAT_PREVPEMILIK 
07:11:20:632 vSEBAB_TDKBERLAKU 
07:11:20:632 vSEBAB_TDKBERLAKU_CODE 0
07:11:20:632 vKPKMBR_ID 236
07:11:20:632 vOP_ID 93
07:11:20:632 vNOPOL_REQUEST 0
07:11:20:632 vIS_REPLACEMENT 0
07:11:20:633 vNO_RESI_BAYAR 234567890
07:11:20:633 vPMT_PROD 
07:11:20:633 vIS_BBN2 0
07:11:20:633 vENROLLMENT_TYPE 1
07:11:20:633 vPOLDA_ID 17
07:11:20:633 vPOLRES_ID 1
07:11:20:633 vKISIGN_ID 0
07:11:20:633 vTGLREGISTER 20150922
07:11:20:633 vPemohonID 236
07:11:20:633 ***END FOR TRACE LOG ADD BPKB - BBN1 - M 03195977***
07:11:20:793 RESPONSE FROM SERVER - BBN1 - [NO BPKB ]: M 03195977 - PROSES REGISTRASI SUKSES ! , BPKB ID 1336416
07:19:41:763 bpkb_check_point Verifikasi Otomatis pada saat proses pencetakan : berkas id 1471411 check point Verifikasi by 93
07:19:41:796 bpkb_check_point : berkas id 1471411 check point 4 by 93
07:19:44:204 Start Print BPKB
07:19:44:210 Start Print BPKB
07:19:44:213 Start Print BPKB
07:19:44:217 Start Print BPKB
07:19:44:220 Start Print BPKB
07:19:44:223 Start Print BPKB
07:19:44:225 Start Print BPKB
07:19:44:228 Start Print BPKB
07:19:44:230 Start Print BPKB
07:19:44:232 Start Print BPKB
07:19:44:235 Start Print BPKB
07:19:44:237 Start Print BPKB
07:19:44:239 Start Print BPKB
07:19:44:241 Start Print BPKB
07:19:44:244 Start Print BPKB
07:19:44:246 Start Print BPKB
07:19:44:248 Start Print BPKB
07:19:44:250 Start Print BPKB
07:19:44:252 Start Print BPKB
07:19:44:255 Start Print BPKB
07:20:34:264 bpkb_check_point Verifikasi Otomatis pada saat proses pencetakan : berkas id 1471411 check point Verifikasi by 93
07:20:34:267 bpkb_check_point : berkas id 1471411 check point 4 by 93
07:20:36:503 Start Print BPKB
07:20:36:509 Start Print BPKB
07:20:36:513 Start Print BPKB
07:20:36:516 Start Print BPKB
07:20:36:519 Start Print BPKB
07:20:36:522 Start Print BPKB
07:20:36:524 Start Print BPKB
07:20:36:527 Start Print BPKB
07:20:36:529 Start Print BPKB
07:20:36:531 Start Print BPKB
07:20:36:533 Start Print BPKB
07:20:36:534 Start Print BPKB
07:20:36:536 Start Print BPKB
07:20:36:538 Start Print BPKB
07:20:36:541 Start Print BPKB
07:20:36:543 Start Print BPKB
07:20:36:545 Start Print BPKB
07:20:36:547 Start Print BPKB
07:20:36:549 Start Print BPKB
07:20:36:551 Start Print BPKB
07:20:36:553 Start Print BPKB
07:20:36:556 Start Print BPKB
07:20:45:809 bpkb_check_point Verifikasi Otomatis pada saat proses pencetakan : berkas id 1471411 check point Verifikasi by 93
07:20:45:812 bpkb_check_point : berkas id 1471411 check point 4 by 93
07:20:48:815 Start Print BPKB
07:20:48:821 Start Print BPKB
07:20:48:824 Start Print BPKB
07:20:48:827 Start Print BPKB
07:20:48:830 Start Print BPKB
07:20:48:833 Start Print BPKB
07:20:48:835 Start Print BPKB
07:20:48:837 Start Print BPKB
07:20:48:840 Start Print BPKB
07:20:48:842 Start Print BPKB
07:20:48:844 Start Print BPKB
07:20:48:846 Start Print BPKB
07:20:48:848 Start Print BPKB
07:20:48:851 Start Print BPKB
07:20:48:853 Start Print BPKB
07:20:48:855 Start Print BPKB
07:20:48:858 Start Print BPKB
07:20:48:860 Start Print BPKB
13:57:34:508 Setting Database Berhasil !
13:58:37:863 Koneksi Database Local DBSIFIK Berhasil!
13:58:55:276 LOGIN ONLINE SUKSES, USER 93 NAMA LENGKAP UPIEXU HAK AKSES ADMINISTRATOR
