13:32:31:092 Koneksi Database Local DBSIFIK Berhasil!
13:32:38:695 LOGIN ONLINE SUKSES, USER 93 NAMA LENGKAP UPIEXU HAK AKSES ADMINISTRATOR
14:39:06:858 Koneksi Database Local DBSIFIK Berhasil!
14:39:10:126 LOGIN ONLINE SUKSES, USER 93 NAMA LENGKAP UPIEXU HAK AKSES ADMINISTRATOR
14:41:10:605 Koneksi Database Local DBSIFIK Berhasil!
14:41:15:181 LOGIN ONLINE SUKSES, USER 93 NAMA LENGKAP UPIEXU HAK AKSES ADMINISTRATOR
14:42:39:223 Koneksi Database Local DBSIFIK Berhasil!
14:42:42:383 LOGIN ONLINE SUKSES, USER 93 NAMA LENGKAP UPIEXU HAK AKSES ADMINISTRATOR
14:48:09:062 Koneksi Database Local DBSIFIK Berhasil!
14:48:12:030 LOGIN ONLINE SUKSES, USER 93 NAMA LENGKAP UPIEXU HAK AKSES ADMINISTRATOR
14:53:43:763 Koneksi Database Local DBSIFIK Berhasil!
14:53:47:002 LOGIN ONLINE SUKSES, USER 93 NAMA LENGKAP UPIEXU HAK AKSES ADMINISTRATOR
15:23:41:815 Koneksi Database Local DBSIFIK Berhasil!
15:23:45:171 LOGIN ONLINE SUKSES, USER 93 NAMA LENGKAP UPIEXU HAK AKSES ADMINISTRATOR
15:28:44:422 Koneksi Database Local DBSIFIK Berhasil!
15:28:47:337 LOGIN ONLINE SUKSES, USER 93 NAMA LENGKAP UPIEXU HAK AKSES ADMINISTRATOR
15:30:24:582 Koneksi Database Local DBSIFIK Berhasil!
15:30:27:567 LOGIN ONLINE SUKSES, USER 93 NAMA LENGKAP UPIEXU HAK AKSES ADMINISTRATOR
15:31:28:296 Koneksi Database Local DBSIFIK Berhasil!
15:31:31:429 LOGIN ONLINE SUKSES, USER 93 NAMA LENGKAP UPIEXU HAK AKSES ADMINISTRATOR
15:33:22:532 Koneksi Database Local DBSIFIK Berhasil!
15:33:25:388 LOGIN ONLINE SUKSES, USER 93 NAMA LENGKAP UPIEXU HAK AKSES ADMINISTRATOR
16:03:03:776 Koneksi Database Local DBSIFIK Berhasil!
16:03:07:723 LOGIN ONLINE SUKSES, USER 93 NAMA LENGKAP UPIEXU HAK AKSES ADMINISTRATOR
16:09:26:856 Koneksi Database Local DBSIFIK Berhasil!
16:09:30:712 LOGIN ONLINE SUKSES, USER 93 NAMA LENGKAP UPIEXU HAK AKSES ADMINISTRATOR
16:10:57:058 Koneksi Database Local DBSIFIK Berhasil!
16:11:00:490 LOGIN ONLINE SUKSES, USER 93 NAMA LENGKAP UPIEXU HAK AKSES ADMINISTRATOR
16:11:39:120 Koneksi Database Local DBSIFIK Berhasil!
16:11:42:050 LOGIN ONLINE SUKSES, USER 93 NAMA LENGKAP UPIEXU HAK AKSES ADMINISTRATOR
16:18:10:679 Koneksi Database Local DBSIFIK Berhasil!
16:18:15:585 LOGIN ONLINE SUKSES, USER 93 NAMA LENGKAP UPIEXU HAK AKSES ADMINISTRATOR
16:19:20:904 Koneksi Database Local DBSIFIK Berhasil!
16:19:23:882 LOGIN ONLINE SUKSES, USER 93 NAMA LENGKAP UPIEXU HAK AKSES ADMINISTRATOR
16:20:56:030 Koneksi Database Local DBSIFIK Berhasil!
16:21:01:479 LOGIN ONLINE SUKSES, USER 93 NAMA LENGKAP UPIEXU HAK AKSES ADMINISTRATOR
16:30:51:146 Koneksi Database Local DBSIFIK Berhasil!
16:30:54:404 LOGIN ONLINE SUKSES, USER 93 NAMA LENGKAP UPIEXU HAK AKSES ADMINISTRATOR
16:31:07:013 TRACE LOG -- PENDAFTARAN --
16:31:07:013 vNoRangka : MKTTB35NZEK001072
16:31:07:013 vTglDaftar : 20150625
16:31:07:013 vNoBPKB : 
16:31:07:013 vPemohonID : 3038
16:31:07:014 vPetugasID : 93
16:31:07:014 vBarcodeBank : MKS9PMJ0011506250002
16:31:07:014 vLoketNo : PMJ001
16:31:07:014 vEnrollmentType : 1
16:31:07:014 vTypeDaftaran : 0
16:31:07:014 vMerkID : 
16:45:38:193 Koneksi Database Local DBSIFIK Berhasil!
16:45:59:666 Koneksi Database Local DBSIFIK Berhasil!
16:46:02:813 LOGIN ONLINE SUKSES, USER 93 NAMA LENGKAP UPIEXU HAK AKSES ADMINISTRATOR
16:46:20:701 TRACE LOG -- PENDAFTARAN --
16:46:20:702 vNoRangka : MKTTB35NZEK001072
16:46:20:702 vTglDaftar : 20150625
16:46:20:702 vNoBPKB : 
16:46:20:702 vPemohonID : 3038
16:46:20:702 vPetugasID : 93
16:46:20:702 vBarcodeBank : MKS9PMJ0011506250002
16:46:20:703 vLoketNo : PMJ001
16:46:20:703 vEnrollmentType : 1
16:46:20:703 vTypeDaftaran : 0
16:46:20:703 vMerkID : 
16:46:25:454 TRACE LOG -- PENDAFTARAN --
16:46:25:454 vNoRangka : MKTTB35NZEK001072
16:46:25:454 vTglDaftar : 20150625
16:46:25:454 vNoBPKB : 
16:46:25:455 vPemohonID : 3038
16:46:25:455 vPetugasID : 93
16:46:25:455 vBarcodeBank : MKS9PMJ0011506250002
16:46:25:455 vLoketNo : PMJ001
16:46:25:455 vEnrollmentType : 1
16:46:25:455 vTypeDaftaran : 0
16:46:25:456 vMerkID : 
16:47:05:815 Koneksi Database Local DBSIFIK Berhasil!
16:47:08:586 LOGIN ONLINE SUKSES, USER 93 NAMA LENGKAP UPIEXU HAK AKSES ADMINISTRATOR
16:47:54:555 TRACE LOG -- PENDAFTARAN --
16:47:55:427 vNoRangka : MKTTB35NZEK001072
16:47:55:912 vTglDaftar : 20150625
16:47:56:154 vNoBPKB : 
16:47:56:406 vPemohonID : 3038
16:47:56:640 vPetugasID : 93
16:47:56:911 vBarcodeBank : MKS9PMJ0011506250002
16:47:57:147 vLoketNo : PMJ001
16:47:57:378 vEnrollmentType : 1
16:47:57:934 vTypeDaftaran : 0
16:47:58:446 vMerkID : 
22:12:50:353 Koneksi Database Local DBSIFIK Berhasil!
22:24:59:232 Koneksi Database Local DBSIFIK Berhasil!
22:25:03:582 LOGIN ONLINE SUKSES, USER 93 NAMA LENGKAP UPIEXU HAK AKSES ADMINISTRATOR
22:25:58:917 TRACE LOG -- PENDAFTARAN --
22:25:58:917 vNoRangka : MKTTB35NZEK001072
22:25:58:917 vTglDaftar : 20150625
22:25:58:917 vNoBPKB : 
22:25:58:918 vPemohonID : 3038
22:25:58:918 vPetugasID : 93
22:25:58:918 vBarcodeBank : MKS9PMJ0011506250002
22:25:58:918 vLoketNo : PMJ001
22:25:58:918 vEnrollmentType : 1
22:25:58:918 vTypeDaftaran : 0
22:25:58:919 vMerkID : 
22:29:01:442 Koneksi Database Local DBSIFIK Berhasil!
22:29:08:277 LOGIN ONLINE SUKSES, USER 93 NAMA LENGKAP UPIEXU HAK AKSES ADMINISTRATOR
22:30:59:815 Koneksi Database Local DBSIFIK Berhasil!
22:31:03:579 LOGIN ONLINE SUKSES, USER 93 NAMA LENGKAP UPIEXU HAK AKSES ADMINISTRATOR
22:31:33:521 Koneksi Database Local DBSIFIK Berhasil!
22:31:36:605 LOGIN ONLINE SUKSES, USER 93 NAMA LENGKAP UPIEXU HAK AKSES ADMINISTRATOR
22:32:35:184 Koneksi Database Local DBSIFIK Berhasil!
22:32:38:622 LOGIN ONLINE SUKSES, USER 93 NAMA LENGKAP UPIEXU HAK AKSES ADMINISTRATOR
22:52:03:009 Koneksi Database Local DBSIFIK Berhasil!
22:52:12:815 Koneksi Database Local DBSIFIK Berhasil!
22:52:17:005 LOGIN ONLINE SUKSES, USER 93 NAMA LENGKAP UPIEXU HAK AKSES ADMINISTRATOR
22:56:26:965 ***START FOR TRACE LOG ADD BPKB - BBN 1 - ***
22:56:26:965 SProser Penyimpanan Registrasi BBN1
22:56:26:966 vBERKAS_ID 1471391
22:56:26:966 vNO_BPKB 
22:56:26:966 vTGL_BPKB 20150625
22:56:26:966 vTGL_FAKTUR 20150508
22:56:26:966 vNO_RANGKA MKTTB35NZEK001072
22:56:26:967 vNO_MESIN CJZ092739
22:56:26:967 vNO_POLISI DD 2001 AB
22:56:26:967 vTPT_DAFTAR_STNK 
22:56:26:967 vTGL_DAFTAR_STNK 
22:56:26:967 vNREG_BPKB R/L101039302/VI/2015/DITLLSS
22:56:26:968 vJML_RODA 2
22:56:26:968 vTHN_BUAT 2015
22:56:26:968 vTHN_RAKIT 2015
22:56:26:968 vJML_SUMBU 0
22:56:26:968 vVOL_SILINDER 110
22:56:26:968 vBB_ID 1
22:56:26:968 vWARNA_ID 3
22:56:26:969 vMERK_ID 12
22:56:26:969 vTIPE AADAD
22:56:26:969 vTIPE2 
22:56:26:969 vMODEL_ID 37
22:56:26:969 vJENIS_ID 4
22:56:26:969 vNO_IDENTITAS KTP00002
22:56:26:970 vNAMA_PEMILIK TEST

22:56:26:970 vNO_PONSEL 
22:56:26:970 vALAMAT_PEMILIK JL TEST

22:56:26:970 vKEL_ID MAKASSAR
22:56:26:970 vKEC_ID MAKASSAR
22:56:26:970 vKAB_ID MAKASSAR
22:56:26:971 vPROP_ID SULAWESI SELATAN
22:56:26:971 vKODE_POS 00000
22:56:26:971 vWILAYAH_ID 139
22:56:26:971 vPEKERJAAN_PEMILIK GURU
22:56:26:971 vNO_UJI_TIPE SUT-TEST
22:56:26:971 vNO_UJI_BERKALA TPT-TEST
22:56:26:971 vWARNATNKB_ID 1
22:56:26:972 vTEMPAT_KELUAR MAKASSAR
22:56:26:972 vJD_ID 1
22:56:26:972 vNO_PABEAN 
22:56:26:972 vTGL_PABEAN 
22:56:26:972 vPELABUHAN 
22:56:26:972 vIMPMTHD_ID 0
22:56:26:973 vNO_FAKTUR FAKTUR001
22:56:26:973 vNO_CKD 
22:56:26:973 vKETR_PABEAN FAKTUR FORM A TGL :
22:56:26:973 vPRT_ID 5
22:56:26:973 vNO_PIB 
22:56:26:973 vTGL_PIB 
22:56:26:973 vNAMA_IMPORTIR YAMAHA MOTOR INDONESIA
22:56:26:974 vPREVBPKB_ID 
22:56:26:974 vNO_PREVBPKB 
22:56:26:974 vTGL_PREVBPKB 
22:56:26:974 vNREG_PREVBPKB 
22:56:26:974 vTPT_KELUAR_PREVBPKB 
22:56:26:974 vNAMA_PREVPEMILIK 
22:56:26:974 vALAMAT_PREVPEMILIK 
22:56:26:975 vSEBAB_TDKBERLAKU 
22:56:26:975 vSEBAB_TDKBERLAKU_CODE 0
22:56:26:975 vKPKMBR_ID 3038
22:56:26:975 vOP_ID 93
22:56:26:975 vNOPOL_REQUEST 0
22:56:26:975 vIS_REPLACEMENT 0
22:56:26:976 vNO_RESI_BAYAR BRI100000001VI2015
22:56:26:976 vPMT_PROD 
22:56:26:976 vIS_BBN2 0
22:56:26:976 vENROLLMENT_TYPE 1
22:56:26:976 vPOLDA_ID 21
22:56:26:976 vPOLRES_ID 1
22:56:26:976 vKISIGN_ID 0
22:56:26:977 vTGLREGISTER 20150625
22:56:26:977 vPemohonID 3038
22:56:26:977 ***END FOR TRACE LOG ADD BPKB - BBN1 - ***
22:56:27:973 RESPONSE FROM SERVER - BBN1 - [NO BPKB ]:  - PROSES REGISTRASI SUKSES ! , BPKB ID 1336404
