09:28:58:989 Koneksi Database Local DBSIFIK Berhasil!
09:29:22:956 LOGIN ONLINE SUKSES, USER 93 NAMA LENGKAP UPIEXU HAK AKSES ADMINISTRATOR
10:27:35:601 Koneksi Database Local DBSIFIK Berhasil!
13:41:08:823 Koneksi Database Local DBSIFIK Berhasil!
13:41:19:098 LOGIN ONLINE SUKSES, USER 93 NAMA LENGKAP UPIEXU HAK AKSES ADMINISTRATOR
13:46:54:345 Koneksi Database Local DBSIFIK Berhasil!
14:04:25:332 Setting Database Berhasil !
14:04:31:779 Koneksi Database Local DBSIFIK Berhasil!
14:04:36:188 LOGIN ONLINE SUKSES, USER 93 NAMA LENGKAP UPIEXU HAK AKSES ADMINISTRATOR
14:08:51:693 TRACE LOG -- PENDAFTARAN --
14:08:51:693 vNoRangka : MH32BU002FJ215020
14:08:51:693 vTglDaftar : 20150625
14:08:51:693 vNoBPKB : 
14:08:51:694 vPemohonID : 236
14:08:51:694 vPetugasID : 93
14:08:51:694 vBarcodeBank : MKS9PMJ0011506250003
14:08:51:694 vLoketNo : PMJ001
14:08:51:694 vEnrollmentType : 1
14:08:51:694 vTypeDaftaran : 0
14:08:51:694 vMerkID : 
14:09:05:485 TRACE LOG -- PENDAFTARAN --
14:09:05:485 vNoRangka : MH32BU002FJ215020
14:09:05:485 vTglDaftar : 20150625
14:09:05:486 vNoBPKB : 
14:09:05:486 vPemohonID : 236
14:09:05:486 vPetugasID : 93
14:09:05:486 vBarcodeBank : MKS9PMJ0011506250003
14:09:05:486 vLoketNo : PMJ001
14:09:05:486 vEnrollmentType : 1
14:09:05:487 vTypeDaftaran : 0
14:09:05:487 vMerkID : 
14:13:53:609 ***START FOR TRACE LOG ADD BPKB - BBN 1 - ***
14:13:53:609 SProser Penyimpanan Registrasi BBN1
14:13:53:609 vBERKAS_ID 1471393
14:13:53:609 vNO_BPKB 
14:13:53:610 vTGL_BPKB 20150625
14:13:53:610 vTGL_FAKTUR 20150307
14:13:53:610 vNO_RANGKA MH32BU002FJ215020
14:13:53:610 vNO_MESIN 2BU215006
14:13:53:610 vNO_POLISI DH 3030 PM
14:13:53:610 vTPT_DAFTAR_STNK 
14:13:53:610 vTGL_DAFTAR_STNK 
14:13:53:611 vNREG_BPKB R/L101039303/VI/2015/DITLLSS
14:13:53:611 vJML_RODA 2
14:13:53:611 vTHN_BUAT 2015
14:13:53:611 vTHN_RAKIT 2015
14:13:53:611 vJML_SUMBU 0
14:13:53:611 vVOL_SILINDER 110
14:13:53:612 vBB_ID 1
14:13:53:612 vWARNA_ID 2
14:13:53:612 vMERK_ID 12
14:13:53:612 vTIPE 2BU
14:13:53:612 vTIPE2 
14:13:53:612 vMODEL_ID 37
14:13:53:612 vJENIS_ID 4
14:13:53:613 vNO_IDENTITAS 317005006008
14:13:53:613 vNAMA_PEMILIK MAHDI

14:13:53:613 vNO_PONSEL 
14:13:53:613 vALAMAT_PEMILIK KOLHUA MUALAFA

14:13:53:613 vKEL_ID KOLHUA
14:13:53:613 vKEC_ID MAULAFA
14:13:53:613 vKAB_ID KUPANG
14:13:53:614 vPROP_ID NUSA TENGGARA TIMUR (NTT)
14:13:53:614 vKODE_POS 85146
14:13:53:614 vWILAYAH_ID 81
14:13:53:614 vPEKERJAAN_PEMILIK PNS
14:13:53:614 vNO_UJI_TIPE NO SUT
14:13:53:614 vNO_UJI_BERKALA NO TPT
14:13:53:614 vWARNATNKB_ID 1
14:13:53:615 vTEMPAT_KELUAR MAKASSAR
14:13:53:615 vJD_ID 1
14:13:53:615 vNO_PABEAN 
14:13:53:615 vTGL_PABEAN 
14:13:53:615 vPELABUHAN 
14:13:53:615 vIMPMTHD_ID 0
14:13:53:616 vNO_FAKTUR 00038 / BU / 0125
14:13:53:616 vNO_CKD 
14:13:53:616 vKETR_PABEAN -
14:13:53:616 vPRT_ID 5
14:13:53:616 vNO_PIB 
14:13:53:616 vTGL_PIB 
14:13:53:616 vNAMA_IMPORTIR PT YAMAHA INDONESIA
14:13:53:617 vPREVBPKB_ID 
14:13:53:617 vNO_PREVBPKB 
14:13:53:617 vTGL_PREVBPKB 
14:13:53:617 vNREG_PREVBPKB 
14:13:53:617 vTPT_KELUAR_PREVBPKB 
14:13:53:617 vNAMA_PREVPEMILIK 
14:13:53:617 vALAMAT_PREVPEMILIK 
14:13:53:618 vSEBAB_TDKBERLAKU 
14:13:53:618 vSEBAB_TDKBERLAKU_CODE 0
14:13:53:618 vKPKMBR_ID 236
14:13:53:618 vOP_ID 93
14:13:53:618 vNOPOL_REQUEST 0
14:13:53:618 vIS_REPLACEMENT 0
14:13:53:618 vNO_RESI_BAYAR BRI100000010VI2015
14:13:53:619 vPMT_PROD 
14:13:53:619 vIS_BBN2 0
14:13:53:619 vENROLLMENT_TYPE 1
14:13:53:619 vPOLDA_ID 21
14:13:53:619 vPOLRES_ID 1
14:13:53:619 vKISIGN_ID 0
14:13:53:619 vTGLREGISTER 20150625
14:13:53:620 vPemohonID 236
14:13:53:620 ***END FOR TRACE LOG ADD BPKB - BBN1 - ***
14:13:54:519 RESPONSE FROM SERVER - BBN1 - [NO BPKB ]:  - PROSES REGISTRASI SUKSES ! , BPKB ID 1336405
14:15:42:760 TRACE LOG -- PENDAFTARAN --
14:15:42:761 vNoRangka : MHYESL415FJ721559
14:15:42:761 vTglDaftar : 20150625
14:15:42:761 vNoBPKB : 
14:15:42:761 vPemohonID : 236
14:15:42:761 vPetugasID : 93
14:15:42:761 vBarcodeBank : MKS9PMJ0011506250004
14:15:42:761 vLoketNo : PMJ001
14:15:42:761 vEnrollmentType : 1
14:15:42:761 vTypeDaftaran : 0
14:15:42:761 vMerkID : 
14:19:10:345 ***START FOR TRACE LOG ADD BPKB - BBN 1 - ***
14:19:10:345 SProser Penyimpanan Registrasi BBN1
14:19:10:345 vBERKAS_ID 1471395
14:19:10:345 vNO_BPKB 
14:19:10:346 vTGL_BPKB 20150625
14:19:10:346 vTGL_FAKTUR 20150307
14:19:10:346 vNO_RANGKA MHYESL415FJ721559
14:19:10:346 vNO_MESIN NO MESIN
14:19:10:346 vNO_POLISI DH 2020 KM
14:19:10:346 vTPT_DAFTAR_STNK 
14:19:10:346 vTGL_DAFTAR_STNK 
14:19:10:346 vNREG_BPKB R/L101039304/VI/2015/DITLLSS
14:19:10:346 vJML_RODA 2
14:19:10:346 vTHN_BUAT 2014
14:19:10:347 vTHN_RAKIT 2014
14:19:10:347 vJML_SUMBU 0
14:19:10:347 vVOL_SILINDER 125
14:19:10:347 vBB_ID 1
14:19:10:347 vWARNA_ID 2
14:19:10:347 vMERK_ID 3
14:19:10:347 vTIPE GSX
14:19:10:347 vTIPE2 
14:19:10:347 vMODEL_ID 37
14:19:10:347 vJENIS_ID 4
14:19:10:347 vNO_IDENTITAS NO IDENTITAS
14:19:10:348 vNAMA_PEMILIK ARMY

14:19:10:348 vNO_PONSEL 
14:19:10:348 vALAMAT_PEMILIK NIKI NIKI

14:19:10:348 vKEL_ID NIKI NIKI
14:19:10:348 vKEC_ID AMANUBAN TENGAH
14:19:10:348 vKAB_ID TIMOR TENGAH SELATAN
14:19:10:348 vPROP_ID NUSA TENGGARA TIMUR (NTT)
14:19:10:348 vKODE_POS 85571
14:19:10:348 vWILAYAH_ID 80
14:19:10:348 vPEKERJAAN_PEMILIK WIRASWASTA
14:19:10:348 vNO_UJI_TIPE NO SUT
14:19:10:349 vNO_UJI_BERKALA NO TPT
14:19:10:349 vWARNATNKB_ID 1
14:19:10:349 vTEMPAT_KELUAR MAKASSAR
14:19:10:349 vJD_ID 1
14:19:10:349 vNO_PABEAN 
14:19:10:349 vTGL_PABEAN 
14:19:10:349 vPELABUHAN 
14:19:10:349 vIMPMTHD_ID 0
14:19:10:349 vNO_FAKTUR G505020
14:19:10:349 vNO_CKD 
14:19:10:349 vKETR_PABEAN -
14:19:10:350 vPRT_ID 5
14:19:10:350 vNO_PIB 
14:19:10:350 vTGL_PIB 
14:19:10:350 vNAMA_IMPORTIR PT SUZUKI INDOMOBIL
14:19:10:350 vPREVBPKB_ID 
14:19:10:350 vNO_PREVBPKB 
14:19:10:350 vTGL_PREVBPKB 
14:19:10:350 vNREG_PREVBPKB 
14:19:10:350 vTPT_KELUAR_PREVBPKB 
14:19:10:350 vNAMA_PREVPEMILIK 
14:19:10:351 vALAMAT_PREVPEMILIK 
14:19:10:351 vSEBAB_TDKBERLAKU 
14:19:10:351 vSEBAB_TDKBERLAKU_CODE 0
14:19:10:351 vKPKMBR_ID 236
14:19:10:351 vOP_ID 93
14:19:10:351 vNOPOL_REQUEST 0
14:19:10:351 vIS_REPLACEMENT 0
14:19:10:351 vNO_RESI_BAYAR BRI100000009VI2015
14:19:10:351 vPMT_PROD 
14:19:10:351 vIS_BBN2 0
14:19:10:352 vENROLLMENT_TYPE 1
14:19:10:352 vPOLDA_ID 21
14:19:10:352 vPOLRES_ID 1
14:19:10:352 vKISIGN_ID 0
14:19:10:352 vTGLREGISTER 20150625
14:19:10:352 vPemohonID 236
14:19:10:352 ***END FOR TRACE LOG ADD BPKB - BBN1 - ***
14:19:10:575 RESPONSE FROM SERVER - BBN1 - [NO BPKB ]:  - PROSES REGISTRASI SUKSES ! , BPKB ID 1336406
14:21:13:738 TRACE LOG -- PENDAFTARAN --
14:21:13:738 vNoRangka : MH1JBK1616EK818123
14:21:13:738 vTglDaftar : 20150625
14:21:13:739 vNoBPKB : 
14:21:13:739 vPemohonID : 236
14:21:13:739 vPetugasID : 93
14:21:13:739 vBarcodeBank : MKS9PMJ0011506250005
14:21:13:739 vLoketNo : PMJ001
14:21:13:739 vEnrollmentType : 1
14:21:13:739 vTypeDaftaran : 0
14:21:13:739 vMerkID : 
14:22:08:513 TRACE LOG -- PENDAFTARAN --
14:22:08:513 vNoRangka : MH1JBK1616EK81812
14:22:08:513 vTglDaftar : 20150625
14:22:08:514 vNoBPKB : 
14:22:08:514 vPemohonID : 236
14:22:08:514 vPetugasID : 93
14:22:08:514 vBarcodeBank : MKS9PMJ0011506250006
14:22:08:514 vLoketNo : PMJ001
14:22:08:514 vEnrollmentType : 1
14:22:08:514 vTypeDaftaran : 0
14:22:08:514 vMerkID : 
14:25:32:374 ***START FOR TRACE LOG ADD BPKB - BBN 1 - ***
14:25:32:374 SProser Penyimpanan Registrasi BBN1
14:25:32:374 vBERKAS_ID 1471397
14:25:32:374 vNO_BPKB 
14:25:32:374 vTGL_BPKB 20150625
14:25:32:375 vTGL_FAKTUR 20150201
14:25:32:375 vNO_RANGKA MH1JBK1616EK81812
14:25:32:375 vNO_MESIN NO MESIN
14:25:32:375 vNO_POLISI DH 1234 KL
14:25:32:375 vTPT_DAFTAR_STNK 
14:25:32:375 vTGL_DAFTAR_STNK 
14:25:32:375 vNREG_BPKB R/L101039305/VI/2015/DITLLSS
14:25:32:375 vJML_RODA 2
14:25:32:375 vTHN_BUAT 2010
14:25:32:375 vTHN_RAKIT 2010
14:25:32:376 vJML_SUMBU 0
14:25:32:376 vVOL_SILINDER 110
14:25:32:376 vBB_ID 1
14:25:32:376 vWARNA_ID 2
14:25:32:376 vMERK_ID 33
14:25:32:376 vTIPE TIPE
14:25:32:376 vTIPE2 
14:25:32:376 vMODEL_ID 37
14:25:32:376 vJENIS_ID 4
14:25:32:376 vNO_IDENTITAS NO IDENTITAS
14:25:32:376 vNAMA_PEMILIK KORMIL

14:25:32:377 vNO_PONSEL 
14:25:32:377 vALAMAT_PEMILIK KOLBANO

14:25:32:377 vKEL_ID KOLBANO
14:25:32:377 vKEC_ID KOLBANO
14:25:32:377 vKAB_ID TIMOR TENGAH SELATAN
14:25:32:377 vPROP_ID NUSA TENGGARA TIMUR (NTT)
14:25:32:377 vKODE_POS 85563
14:25:32:377 vWILAYAH_ID 81
14:25:32:377 vPEKERJAAN_PEMILIK TUKANG LISTRIK
14:25:32:377 vNO_UJI_TIPE NO SUT
14:25:32:378 vNO_UJI_BERKALA NO TPT
14:25:32:378 vWARNATNKB_ID 1
14:25:32:378 vTEMPAT_KELUAR MAKASSAR
14:25:32:378 vJD_ID 1
14:25:32:378 vNO_PABEAN 
14:25:32:378 vTGL_PABEAN 
14:25:32:378 vPELABUHAN 
14:25:32:378 vIMPMTHD_ID 0
14:25:32:378 vNO_FAKTUR FH / ADI / 20120 /M
14:25:32:379 vNO_CKD 
14:25:32:379 vKETR_PABEAN -
14:25:32:379 vPRT_ID 5
14:25:32:379 vNO_PIB 
14:25:32:379 vTGL_PIB 
14:25:32:379 vNAMA_IMPORTIR PT.TIGA PILAR
14:25:32:379 vPREVBPKB_ID 
14:25:32:379 vNO_PREVBPKB 
14:25:32:379 vTGL_PREVBPKB 
14:25:32:380 vNREG_PREVBPKB 
14:25:32:380 vTPT_KELUAR_PREVBPKB 
14:25:32:380 vNAMA_PREVPEMILIK 
14:25:32:380 vALAMAT_PREVPEMILIK 
14:25:32:380 vSEBAB_TDKBERLAKU 
14:25:32:380 vSEBAB_TDKBERLAKU_CODE 0
14:25:32:380 vKPKMBR_ID 236
14:25:32:380 vOP_ID 93
14:25:32:380 vNOPOL_REQUEST 0
14:25:32:380 vIS_REPLACEMENT 0
14:25:32:381 vNO_RESI_BAYAR BRI100000008VI2015
14:25:32:381 vPMT_PROD 
14:25:32:381 vIS_BBN2 0
14:25:32:381 vENROLLMENT_TYPE 1
14:25:32:381 vPOLDA_ID 21
14:25:32:381 vPOLRES_ID 1
14:25:32:381 vKISIGN_ID 0
14:25:32:381 vTGLREGISTER 20150625
14:25:32:381 vPemohonID 236
14:25:32:381 ***END FOR TRACE LOG ADD BPKB - BBN1 - ***
14:25:32:553 RESPONSE FROM SERVER - BBN1 - [NO BPKB ]:  - KESALAHAN : Nomor Mesin NO MESIN sudah terdaftar dalam database... !!!
14:28:13:432 ***START FOR TRACE LOG ADD BPKB - BBN 1 - ***
14:28:13:432 SProser Penyimpanan Registrasi BBN1
14:28:13:432 vBERKAS_ID 1471397
14:28:13:432 vNO_BPKB 
14:28:13:432 vTGL_BPKB 20150625
14:28:13:432 vTGL_FAKTUR 20150201
14:28:13:432 vNO_RANGKA MH1JBK1616EK81812
14:28:13:432 vNO_MESIN H0506
14:28:13:433 vNO_POLISI DH 5050 MM
14:28:13:433 vTPT_DAFTAR_STNK 
14:28:13:433 vTGL_DAFTAR_STNK 
14:28:13:433 vNREG_BPKB R/L101039305/VI/2015/DITLLSS
14:28:13:433 vJML_RODA 2
14:28:13:433 vTHN_BUAT 2014
14:28:13:433 vTHN_RAKIT 2014
14:28:13:433 vJML_SUMBU 0
14:28:13:433 vVOL_SILINDER 110
14:28:13:433 vBB_ID 1
14:28:13:434 vWARNA_ID 2
14:28:13:434 vMERK_ID 33
14:28:13:434 vTIPE TIPE
14:28:13:434 vTIPE2 
14:28:13:434 vMODEL_ID 37
14:28:13:434 vJENIS_ID 4
14:28:13:434 vNO_IDENTITAS NO IDENTITAS
14:28:13:434 vNAMA_PEMILIK MARUDIN

14:28:13:434 vNO_PONSEL 
14:28:13:434 vALAMAT_PEMILIK KOLBANO NO 01

14:28:13:434 vKEL_ID KOLBANO
14:28:13:435 vKEC_ID KOLBANO
14:28:13:435 vKAB_ID TIMOR TENGAH SELATAN
14:28:13:435 vPROP_ID NUSA TENGGARA TIMUR (NTT)
14:28:13:435 vKODE_POS 85563
14:28:13:435 vWILAYAH_ID 81
14:28:13:435 vPEKERJAAN_PEMILIK TUKANG LISTRIK
14:28:13:435 vNO_UJI_TIPE NO SUT
14:28:13:435 vNO_UJI_BERKALA NO TPT
14:28:13:435 vWARNATNKB_ID 1
14:28:13:435 vTEMPAT_KELUAR MAKASSAR
14:28:13:435 vJD_ID 1
14:28:13:436 vNO_PABEAN 
14:28:13:436 vTGL_PABEAN 
14:28:13:436 vPELABUHAN 
14:28:13:436 vIMPMTHD_ID 0
14:28:13:436 vNO_FAKTUR FH / ADI / 2010 / M 
14:28:13:436 vNO_CKD 
14:28:13:436 vKETR_PABEAN -
14:28:13:436 vPRT_ID 5
14:28:13:436 vNO_PIB 
14:28:13:436 vTGL_PIB 
14:28:13:437 vNAMA_IMPORTIR PT TIGA PILAR
14:28:13:437 vPREVBPKB_ID 
14:28:13:437 vNO_PREVBPKB 
14:28:13:437 vTGL_PREVBPKB 
14:28:13:437 vNREG_PREVBPKB 
14:28:13:437 vTPT_KELUAR_PREVBPKB 
14:28:13:438 vNAMA_PREVPEMILIK 
14:28:13:438 vALAMAT_PREVPEMILIK 
14:28:13:438 vSEBAB_TDKBERLAKU 
14:28:13:438 vSEBAB_TDKBERLAKU_CODE 0
14:28:13:438 vKPKMBR_ID 236
14:28:13:438 vOP_ID 93
14:28:13:438 vNOPOL_REQUEST 0
14:28:13:438 vIS_REPLACEMENT 0
14:28:13:438 vNO_RESI_BAYAR BRI100000008VI2015
14:28:13:439 vPMT_PROD 
14:28:13:439 vIS_BBN2 0
14:28:13:439 vENROLLMENT_TYPE 1
14:28:13:439 vPOLDA_ID 21
14:28:13:439 vPOLRES_ID 1
14:28:13:439 vKISIGN_ID 0
14:28:13:439 vTGLREGISTER 20150625
14:28:13:439 vPemohonID 236
14:28:13:439 ***END FOR TRACE LOG ADD BPKB - BBN1 - ***
14:28:13:630 RESPONSE FROM SERVER - BBN1 - [NO BPKB ]:  - PROSES REGISTRASI SUKSES ! , BPKB ID 1336407
14:29:12:055 TRACE LOG -- PENDAFTARAN --
14:29:12:055 vNoRangka : MH1JBK818EK254671
14:29:12:055 vTglDaftar : 20150625
14:29:12:055 vNoBPKB : 
14:29:12:055 vPemohonID : 236
14:29:12:055 vPetugasID : 93
14:29:12:055 vBarcodeBank : MKS9PMJ0011506250007
14:29:12:055 vLoketNo : PMJ001
14:29:12:056 vEnrollmentType : 1
14:29:12:056 vTypeDaftaran : 0
14:29:12:056 vMerkID : 
14:32:27:699 ***START FOR TRACE LOG ADD BPKB - BBN 1 - ***
14:32:27:699 SProser Penyimpanan Registrasi BBN1
14:32:27:699 vBERKAS_ID 1471399
14:32:27:699 vNO_BPKB 
14:32:27:699 vTGL_BPKB 20150625
14:32:27:700 vTGL_FAKTUR 20150302
14:32:27:700 vNO_RANGKA MH1JBK818EK254671
14:32:27:700 vNO_MESIN K 02333
14:32:27:700 vNO_POLISI DH 2525 PM
14:32:27:700 vTPT_DAFTAR_STNK 
14:32:27:700 vTGL_DAFTAR_STNK 
14:32:27:700 vNREG_BPKB R/L101039306/VI/2015/DITLLSS
14:32:27:700 vJML_RODA 2
14:32:27:700 vTHN_BUAT 2014
14:32:27:700 vTHN_RAKIT 2014
14:32:27:701 vJML_SUMBU 0
14:32:27:701 vVOL_SILINDER 112
14:32:27:701 vBB_ID 1
14:32:27:701 vWARNA_ID 2
14:32:27:701 vMERK_ID 33
14:32:27:701 vTIPE TIPE
14:32:27:701 vTIPE2 
14:32:27:701 vMODEL_ID 37
14:32:27:701 vJENIS_ID 4
14:32:27:701 vNO_IDENTITAS NO IDENTITAS
14:32:27:701 vNAMA_PEMILIK MAISAS

14:32:27:702 vNO_PONSEL 
14:32:27:702 vALAMAT_PEMILIK KOTA KUPANG

14:32:27:702 vKEL_ID KOTA KUPANG
14:32:27:702 vKEC_ID NAIKOLAN
14:32:27:702 vKAB_ID KUPANG
14:32:27:702 vPROP_ID NUSA TENGGARA TIMUR
14:32:27:702 vKODE_POS 
14:32:27:702 vWILAYAH_ID 80
14:32:27:702 vPEKERJAAN_PEMILIK WIRASWASTA 
14:32:27:702 vNO_UJI_TIPE NO SUT
14:32:27:702 vNO_UJI_BERKALA NO TPT
14:32:27:703 vWARNATNKB_ID 1
14:32:27:703 vTEMPAT_KELUAR MAKASSAR
14:32:27:703 vJD_ID 1
14:32:27:703 vNO_PABEAN 
14:32:27:703 vTGL_PABEAN 
14:32:27:703 vPELABUHAN 
14:32:27:703 vIMPMTHD_ID 0
14:32:27:703 vNO_FAKTUR FH / ADI / 2015 /M
14:32:27:703 vNO_CKD 
14:32:27:703 vKETR_PABEAN -
14:32:27:703 vPRT_ID 5
14:32:27:704 vNO_PIB 
14:32:27:704 vTGL_PIB 
14:32:27:704 vNAMA_IMPORTIR PT TIGA PILAR MANDIRI
14:32:27:704 vPREVBPKB_ID 
14:32:27:704 vNO_PREVBPKB 
14:32:27:704 vTGL_PREVBPKB 
14:32:27:704 vNREG_PREVBPKB 
14:32:27:704 vTPT_KELUAR_PREVBPKB 
14:32:27:704 vNAMA_PREVPEMILIK 
14:32:27:704 vALAMAT_PREVPEMILIK 
14:32:27:704 vSEBAB_TDKBERLAKU 
14:32:27:705 vSEBAB_TDKBERLAKU_CODE 0
14:32:27:705 vKPKMBR_ID 236
14:32:27:705 vOP_ID 93
14:32:27:705 vNOPOL_REQUEST 0
14:32:27:705 vIS_REPLACEMENT 0
14:32:27:705 vNO_RESI_BAYAR BRI100000007VI2015
14:32:27:705 vPMT_PROD 
14:32:27:705 vIS_BBN2 0
14:32:27:705 vENROLLMENT_TYPE 1
14:32:27:705 vPOLDA_ID 21
14:32:27:706 vPOLRES_ID 1
14:32:27:706 vKISIGN_ID 0
14:32:27:706 vTGLREGISTER 20150625
14:32:27:706 vPemohonID 236
14:32:27:706 ***END FOR TRACE LOG ADD BPKB - BBN1 - ***
14:32:27:910 RESPONSE FROM SERVER - BBN1 - [NO BPKB ]:  - PROSES REGISTRASI SUKSES ! , BPKB ID 1336408
14:33:20:265 TRACE LOG -- PENDAFTARAN --
14:33:20:266 vNoRangka : MH32BU003EJ252610
14:33:20:266 vTglDaftar : 20150625
14:33:20:266 vNoBPKB : 
14:33:20:266 vPemohonID : 236
14:33:20:266 vPetugasID : 93
14:33:20:266 vBarcodeBank : MKS9PMJ0011506250008
14:33:20:266 vLoketNo : PMJ001
14:33:20:266 vEnrollmentType : 1
14:33:20:266 vTypeDaftaran : 0
14:33:20:266 vMerkID : 
14:36:20:697 ***START FOR TRACE LOG ADD BPKB - BBN 1 - ***
14:36:20:697 SProser Penyimpanan Registrasi BBN1
14:36:20:697 vBERKAS_ID 1471401
14:36:20:697 vNO_BPKB 
14:36:20:697 vTGL_BPKB 20150625
14:36:20:697 vTGL_FAKTUR 20150303
14:36:20:698 vNO_RANGKA MH32BU003EJ252610
14:36:20:698 vNO_MESIN 2BU005
14:36:20:698 vNO_POLISI DH 8989 PD
14:36:20:698 vTPT_DAFTAR_STNK 
14:36:20:698 vTGL_DAFTAR_STNK 
14:36:20:698 vNREG_BPKB R/L101039307/VI/2015/DITLLSS
14:36:20:698 vJML_RODA 2
14:36:20:698 vTHN_BUAT 2014
14:36:20:698 vTHN_RAKIT 2014
14:36:20:698 vJML_SUMBU 0
14:36:20:699 vVOL_SILINDER 125
14:36:20:699 vBB_ID 1
14:36:20:699 vWARNA_ID 2
14:36:20:699 vMERK_ID 12
14:36:20:699 vTIPE NO TIPE
14:36:20:699 vTIPE2 
14:36:20:699 vMODEL_ID 37
14:36:20:699 vJENIS_ID 4
14:36:20:699 vNO_IDENTITAS 222255558888
14:36:20:699 vNAMA_PEMILIK NUSAKAMBANGAN

14:36:20:699 vNO_PONSEL 
14:36:20:700 vALAMAT_PEMILIK BARANUSA PANTAR BARAT

14:36:20:700 vKEL_ID BARANUSA
14:36:20:700 vKEC_ID PANTAR BARAT
14:36:20:700 vKAB_ID ALOR
14:36:20:700 vPROP_ID NUSA TENGGARA TIMUR (NTT)
14:36:20:700 vKODE_POS 85881
14:36:20:700 vWILAYAH_ID 81
14:36:20:700 vPEKERJAAN_PEMILIK GURU
14:36:20:700 vNO_UJI_TIPE NO SPT
14:36:20:700 vNO_UJI_BERKALA NO TPT
14:36:20:701 vWARNATNKB_ID 1
14:36:20:701 vTEMPAT_KELUAR MAKASSAR
14:36:20:701 vJD_ID 1
14:36:20:701 vNO_PABEAN 
14:36:20:701 vTGL_PABEAN 
14:36:20:701 vPELABUHAN 
14:36:20:701 vIMPMTHD_ID 0
14:36:20:701 vNO_FAKTUR FH / ADI / 20251 / M
14:36:20:701 vNO_CKD 
14:36:20:701 vKETR_PABEAN -
14:36:20:701 vPRT_ID 5
14:36:20:702 vNO_PIB 
14:36:20:702 vTGL_PIB 
14:36:20:702 vNAMA_IMPORTIR PT TIGA PILAR MANDIRI
14:36:20:702 vPREVBPKB_ID 
14:36:20:702 vNO_PREVBPKB 
14:36:20:702 vTGL_PREVBPKB 
14:36:20:702 vNREG_PREVBPKB 
14:36:20:702 vTPT_KELUAR_PREVBPKB 
14:36:20:702 vNAMA_PREVPEMILIK 
14:36:20:702 vALAMAT_PREVPEMILIK 
14:36:20:702 vSEBAB_TDKBERLAKU 
14:36:20:703 vSEBAB_TDKBERLAKU_CODE 0
14:36:20:703 vKPKMBR_ID 236
14:36:20:703 vOP_ID 93
14:36:20:703 vNOPOL_REQUEST 0
14:36:20:703 vIS_REPLACEMENT 0
14:36:20:703 vNO_RESI_BAYAR BRI100000006VI2015
14:36:20:703 vPMT_PROD 
14:36:20:703 vIS_BBN2 0
14:36:20:703 vENROLLMENT_TYPE 1
14:36:20:703 vPOLDA_ID 21
14:36:20:704 vPOLRES_ID 1
14:36:20:704 vKISIGN_ID 0
14:36:20:704 vTGLREGISTER 20150625
14:36:20:704 vPemohonID 236
14:36:20:704 ***END FOR TRACE LOG ADD BPKB - BBN1 - ***
14:36:20:974 RESPONSE FROM SERVER - BBN1 - [NO BPKB ]:  - PROSES REGISTRASI SUKSES ! , BPKB ID 1336409
14:37:38:665 TRACE LOG -- PENDAFTARAN --
14:37:38:666 vNoRangka : MHYESL415DF12266
14:37:38:666 vTglDaftar : 20150625
14:37:38:666 vNoBPKB : 
14:37:38:666 vPemohonID : 236
14:37:38:666 vPetugasID : 93
14:37:38:666 vBarcodeBank : MKS9PMJ0011506250009
14:37:38:666 vLoketNo : PMJ001
14:37:38:666 vEnrollmentType : 1
14:37:38:666 vTypeDaftaran : 0
14:37:38:666 vMerkID : 
14:38:31:188 TRACE LOG -- PENDAFTARAN --
14:38:31:188 vNoRangka : MHYESL415DF122661
14:38:31:188 vTglDaftar : 20150625
14:38:31:188 vNoBPKB : 
14:38:31:188 vPemohonID : 236
14:38:31:188 vPetugasID : 93
14:38:31:189 vBarcodeBank : MKS9PMJ0011506250010
14:38:31:189 vLoketNo : PMJ001
14:38:31:189 vEnrollmentType : 1
14:38:31:189 vTypeDaftaran : 0
14:38:31:189 vMerkID : 
14:41:00:965 ***START FOR TRACE LOG ADD BPKB - BBN 1 - ***
14:41:00:965 SProser Penyimpanan Registrasi BBN1
14:41:00:965 vBERKAS_ID 1471403
14:41:00:965 vNO_BPKB 
14:41:00:965 vTGL_BPKB 20150625
14:41:00:965 vTGL_FAKTUR 20150303
14:41:00:965 vNO_RANGKA MHYESL415DF122661
14:41:00:965 vNO_MESIN F646452
14:41:00:965 vNO_POLISI DH 5151 DD
14:41:00:965 vTPT_DAFTAR_STNK 
14:41:00:966 vTGL_DAFTAR_STNK 
14:41:00:966 vNREG_BPKB R/L101039308/VI/2015/DITLLSS
14:41:00:966 vJML_RODA 2
14:41:00:966 vTHN_BUAT 2013
14:41:00:966 vTHN_RAKIT 2013
14:41:00:966 vJML_SUMBU 0
14:41:00:966 vVOL_SILINDER 123
14:41:00:966 vBB_ID 1
14:41:00:966 vWARNA_ID 2
14:41:00:966 vMERK_ID 3
14:41:00:967 vTIPE ST150-FUTURA
14:41:00:967 vTIPE2 
14:41:00:967 vMODEL_ID 37
14:41:00:967 vJENIS_ID 4
14:41:00:967 vNO_IDENTITAS NO IDENTITAS
14:41:00:967 vNAMA_PEMILIK KORIM

14:41:00:967 vNO_PONSEL 
14:41:00:967 vALAMAT_PEMILIK NUSA JAYA

14:41:00:967 vKEL_ID NUSA JAYA
14:41:00:967 vKEC_ID MENGGELEWA (MANGGELEWA)
14:41:00:967 vKAB_ID DOMPU
14:41:00:968 vPROP_ID NUSA TENGGARA BARAT (NTB)
14:41:00:968 vKODE_POS 84253
14:41:00:968 vWILAYAH_ID 81
14:41:00:968 vPEKERJAAN_PEMILIK GURU
14:41:00:968 vNO_UJI_TIPE 
14:41:00:968 vNO_UJI_BERKALA 
14:41:00:968 vWARNATNKB_ID 1
14:41:00:968 vTEMPAT_KELUAR MAKASSAR
14:41:00:968 vJD_ID 1
14:41:00:968 vNO_PABEAN 
14:41:00:968 vTGL_PABEAN 
14:41:00:969 vPELABUHAN 
14:41:00:969 vIMPMTHD_ID 0
14:41:00:969 vNO_FAKTUR FH / 5858 / M
14:41:00:969 vNO_CKD 
14:41:00:969 vKETR_PABEAN -
14:41:00:969 vPRT_ID 5
14:41:00:969 vNO_PIB 
14:41:00:969 vTGL_PIB 
14:41:00:969 vNAMA_IMPORTIR PT. SUZUKI INDOMOBIL MOTOR
14:41:00:969 vPREVBPKB_ID 
14:41:00:970 vNO_PREVBPKB 
14:41:00:970 vTGL_PREVBPKB 
14:41:00:970 vNREG_PREVBPKB 
14:41:00:970 vTPT_KELUAR_PREVBPKB 
14:41:00:970 vNAMA_PREVPEMILIK 
14:41:00:970 vALAMAT_PREVPEMILIK 
14:41:00:970 vSEBAB_TDKBERLAKU 
14:41:00:970 vSEBAB_TDKBERLAKU_CODE 0
14:41:00:970 vKPKMBR_ID 236
14:41:00:970 vOP_ID 93
14:41:00:971 vNOPOL_REQUEST 0
14:41:00:971 vIS_REPLACEMENT 0
14:41:00:971 vNO_RESI_BAYAR BRI100000005VI2015
14:41:00:971 vPMT_PROD 
14:41:00:971 vIS_BBN2 0
14:41:00:971 vENROLLMENT_TYPE 1
14:41:00:971 vPOLDA_ID 21
14:41:00:971 vPOLRES_ID 1
14:41:00:971 vKISIGN_ID 0
14:41:00:971 vTGLREGISTER 20150625
14:41:00:971 vPemohonID 236
14:41:00:972 ***END FOR TRACE LOG ADD BPKB - BBN1 - ***
14:41:01:226 RESPONSE FROM SERVER - BBN1 - [NO BPKB ]:  - PROSES REGISTRASI SUKSES ! , BPKB ID 1336410
14:42:03:847 TRACE LOG -- PENDAFTARAN --
14:42:03:847 vNoRangka : MH31BU003FJ715020
14:42:03:847 vTglDaftar : 20150625
14:42:03:847 vNoBPKB : 
14:42:03:848 vPemohonID : 236
14:42:03:848 vPetugasID : 93
14:42:03:848 vBarcodeBank : MKS9PMJ0011506250011
14:42:03:848 vLoketNo : PMJ001
14:42:03:848 vEnrollmentType : 1
14:42:03:848 vTypeDaftaran : 0
14:42:03:848 vMerkID : 
14:44:56:576 ***START FOR TRACE LOG ADD BPKB - BBN 1 - ***
14:44:56:576 SProser Penyimpanan Registrasi BBN1
14:44:56:576 vBERKAS_ID 1471405
14:44:56:576 vNO_BPKB 
14:44:56:576 vTGL_BPKB 20150625
14:44:56:577 vTGL_FAKTUR 20150303
14:44:56:577 vNO_RANGKA MH31BU003FJ715020
14:44:56:577 vNO_MESIN 3BU006
14:44:56:577 vNO_POLISI DH 1521 AP
14:44:56:577 vTPT_DAFTAR_STNK 
14:44:56:577 vTGL_DAFTAR_STNK 
14:44:56:577 vNREG_BPKB R/L101039309/VI/2015/DITLLSS
14:44:56:577 vJML_RODA 2
14:44:56:577 vTHN_BUAT 2015
14:44:56:577 vTHN_RAKIT 2015
14:44:56:578 vJML_SUMBU 0
14:44:56:578 vVOL_SILINDER 110
14:44:56:578 vBB_ID 1
14:44:56:578 vWARNA_ID 2
14:44:56:578 vMERK_ID 12
14:44:56:578 vTIPE NO TIPE
14:44:56:578 vTIPE2 
14:44:56:578 vMODEL_ID 37
14:44:56:578 vJENIS_ID 4
14:44:56:578 vNO_IDENTITAS 33311111155550000
14:44:56:578 vNAMA_PEMILIK FERY

14:44:56:579 vNO_PONSEL 
14:44:56:579 vALAMAT_PEMILIK SOE KOTA SOE

14:44:56:579 vKEL_ID SO E (SOE)
14:44:56:579 vKEC_ID KOTA SOE
14:44:56:579 vKAB_ID TIMOR TENGAH SELATAN
14:44:56:579 vPROP_ID NUSA TENGGARA TIMUR (NTT)
14:44:56:579 vKODE_POS 85519
14:44:56:579 vWILAYAH_ID 80
14:44:56:579 vPEKERJAAN_PEMILIK PELAJAR
14:44:56:579 vNO_UJI_TIPE NO SUT
14:44:56:579 vNO_UJI_BERKALA NO TPT
14:44:56:580 vWARNATNKB_ID 1
14:44:56:580 vTEMPAT_KELUAR MAKASSAR
14:44:56:580 vJD_ID 1
14:44:56:580 vNO_PABEAN 
14:44:56:580 vTGL_PABEAN 
14:44:56:580 vPELABUHAN 
14:44:56:580 vIMPMTHD_ID 0
14:44:56:580 vNO_FAKTUR 003 / 008 / 002
14:44:56:580 vNO_CKD 
14:44:56:581 vKETR_PABEAN FAKTUR FORM A TGL :
14:44:56:581 vPRT_ID 5
14:44:56:581 vNO_PIB 
14:44:56:581 vTGL_PIB 
14:44:56:581 vNAMA_IMPORTIR -
14:44:56:581 vPREVBPKB_ID 
14:44:56:582 vNO_PREVBPKB 
14:44:56:582 vTGL_PREVBPKB 
14:44:56:582 vNREG_PREVBPKB 
14:44:56:582 vTPT_KELUAR_PREVBPKB 
14:44:56:582 vNAMA_PREVPEMILIK 
14:44:56:582 vALAMAT_PREVPEMILIK 
14:44:56:582 vSEBAB_TDKBERLAKU 
14:44:56:582 vSEBAB_TDKBERLAKU_CODE 0
14:44:56:582 vKPKMBR_ID 236
14:44:56:582 vOP_ID 93
14:44:56:583 vNOPOL_REQUEST 0
14:44:56:583 vIS_REPLACEMENT 0
14:44:56:583 vNO_RESI_BAYAR BRI100000004VI2015
14:44:56:583 vPMT_PROD 
14:44:56:583 vIS_BBN2 0
14:44:56:583 vENROLLMENT_TYPE 1
14:44:56:583 vPOLDA_ID 21
14:44:56:583 vPOLRES_ID 1
14:44:56:583 vKISIGN_ID 0
14:44:56:583 vTGLREGISTER 20150625
14:44:56:583 vPemohonID 236
14:44:56:584 ***END FOR TRACE LOG ADD BPKB - BBN1 - ***
14:44:56:733 RESPONSE FROM SERVER - BBN1 - [NO BPKB ]:  - PROSES REGISTRASI SUKSES ! , BPKB ID 1336411
14:45:47:427 TRACE LOG -- PENDAFTARAN --
14:45:47:427 vNoRangka : MH1JBK122DF556121
14:45:47:427 vTglDaftar : 20150625
14:45:47:427 vNoBPKB : 
14:45:47:427 vPemohonID : 236
14:45:47:427 vPetugasID : 93
14:45:47:428 vBarcodeBank : MKS9PMJ0011506250012
14:45:47:428 vLoketNo : PMJ001
14:45:47:428 vEnrollmentType : 1
14:45:47:428 vTypeDaftaran : 0
14:45:47:428 vMerkID : 
14:48:01:542 ***START FOR TRACE LOG ADD BPKB - BBN 1 - ***
14:48:01:542 SProser Penyimpanan Registrasi BBN1
14:48:01:542 vBERKAS_ID 1471407
14:48:01:542 vNO_BPKB 
14:48:01:542 vTGL_BPKB 20150625
14:48:01:542 vTGL_FAKTUR 20150303
14:48:01:542 vNO_RANGKA MH1JBK122DF556121
14:48:01:542 vNO_MESIN H55561
14:48:01:543 vNO_POLISI DH 4545 AM
14:48:01:543 vTPT_DAFTAR_STNK 
14:48:01:543 vTGL_DAFTAR_STNK 
14:48:01:543 vNREG_BPKB R/L101039310/VI/2015/DITLLSS
14:48:01:543 vJML_RODA 2
14:48:01:543 vTHN_BUAT 2015
14:48:01:543 vTHN_RAKIT 2015
14:48:01:543 vJML_SUMBU 0
14:48:01:543 vVOL_SILINDER 110
14:48:01:543 vBB_ID 1
14:48:01:544 vWARNA_ID 2
14:48:01:544 vMERK_ID 33
14:48:01:544 vTIPE NO TIPE
14:48:01:544 vTIPE2 
14:48:01:544 vMODEL_ID 37
14:48:01:544 vJENIS_ID 4
14:48:01:544 vNO_IDENTITAS NO IDENTITAS
14:48:01:544 vNAMA_PEMILIK KARMIL

14:48:01:544 vNO_PONSEL 
14:48:01:544 vALAMAT_PEMILIK KEFAMENANU SELATAN

14:48:01:544 vKEL_ID KEFAMENANU SELATAN
14:48:01:545 vKEC_ID KOTA KEFAMENANU
14:48:01:545 vKAB_ID TIMOR TENGAH UTARA
14:48:01:545 vPROP_ID NUSA TENGGARA TIMUR (NTT)
14:48:01:545 vKODE_POS 85613
14:48:01:545 vWILAYAH_ID 80
14:48:01:545 vPEKERJAAN_PEMILIK PELAJAR
14:48:01:545 vNO_UJI_TIPE NO SUT
14:48:01:545 vNO_UJI_BERKALA NO TPT
14:48:01:545 vWARNATNKB_ID 1
14:48:01:545 vTEMPAT_KELUAR MAKASSAR
14:48:01:546 vJD_ID 1
14:48:01:546 vNO_PABEAN 
14:48:01:546 vTGL_PABEAN 
14:48:01:546 vPELABUHAN 
14:48:01:546 vIMPMTHD_ID 0
14:48:01:546 vNO_FAKTUR FH / ADI / 005 /M
14:48:01:546 vNO_CKD 
14:48:01:546 vKETR_PABEAN FAKTUR FORM A TGL :
14:48:01:546 vPRT_ID 5
14:48:01:546 vNO_PIB 
14:48:01:546 vTGL_PIB 
14:48:01:547 vNAMA_IMPORTIR PT TIGA PILAR MANDIRI
14:48:01:547 vPREVBPKB_ID 
14:48:01:547 vNO_PREVBPKB 
14:48:01:547 vTGL_PREVBPKB 
14:48:01:547 vNREG_PREVBPKB 
14:48:01:547 vTPT_KELUAR_PREVBPKB 
14:48:01:547 vNAMA_PREVPEMILIK 
14:48:01:547 vALAMAT_PREVPEMILIK 
14:48:01:547 vSEBAB_TDKBERLAKU 
14:48:01:547 vSEBAB_TDKBERLAKU_CODE 0
14:48:01:547 vKPKMBR_ID 236
14:48:01:548 vOP_ID 93
14:48:01:548 vNOPOL_REQUEST 0
14:48:01:548 vIS_REPLACEMENT 0
14:48:01:548 vNO_RESI_BAYAR BRI100000003VI2015
14:48:01:548 vPMT_PROD 
14:48:01:548 vIS_BBN2 0
14:48:01:548 vENROLLMENT_TYPE 1
14:48:01:548 vPOLDA_ID 21
14:48:01:548 vPOLRES_ID 1
14:48:01:549 vKISIGN_ID 0
14:48:01:549 vTGLREGISTER 20150625
14:48:01:549 vPemohonID 236
14:48:01:549 ***END FOR TRACE LOG ADD BPKB - BBN1 - ***
14:48:01:679 RESPONSE FROM SERVER - BBN1 - [NO BPKB ]:  - PROSES REGISTRASI SUKSES ! , BPKB ID 1336412
14:48:44:367 TRACE LOG -- PENDAFTARAN --
14:48:44:368 vNoRangka : MH32BU003FJ556612
14:48:44:368 vTglDaftar : 20150625
14:48:44:368 vNoBPKB : 
14:48:44:368 vPemohonID : 236
14:48:44:368 vPetugasID : 93
14:48:44:368 vBarcodeBank : MKS9PMJ0011506250013
14:48:44:368 vLoketNo : PMJ001
14:48:44:368 vEnrollmentType : 1
14:48:44:368 vTypeDaftaran : 0
14:48:44:369 vMerkID : 
14:50:56:724 ***START FOR TRACE LOG ADD BPKB - BBN 1 - ***
14:50:56:724 SProser Penyimpanan Registrasi BBN1
14:50:56:725 vBERKAS_ID 1471409
14:50:56:725 vNO_BPKB 
14:50:56:725 vTGL_BPKB 20150625
14:50:56:725 vTGL_FAKTUR 20150303
14:50:56:725 vNO_RANGKA MH32BU003FJ556612
14:50:56:725 vNO_MESIN KL2121
14:50:56:725 vNO_POLISI DH 5111 AP
14:50:56:725 vTPT_DAFTAR_STNK 
14:50:56:725 vTGL_DAFTAR_STNK 
14:50:56:725 vNREG_BPKB R/L101039311/VI/2015/DITLLSS
14:50:56:726 vJML_RODA 2
14:50:56:726 vTHN_BUAT 2015
14:50:56:726 vTHN_RAKIT 2015
14:50:56:726 vJML_SUMBU 0
14:50:56:726 vVOL_SILINDER 120
14:50:56:726 vBB_ID 1
14:50:56:726 vWARNA_ID 2
14:50:56:726 vMERK_ID 12
14:50:56:726 vTIPE NO TIPE
14:50:56:726 vTIPE2 
14:50:56:727 vMODEL_ID 37
14:50:56:727 vJENIS_ID 4
14:50:56:727 vNO_IDENTITAS NO IDENTITAS
14:50:56:727 vNAMA_PEMILIK HOLIC

14:50:56:727 vNO_PONSEL 
14:50:56:727 vALAMAT_PEMILIK KEFAMENANU TENGAH

14:50:56:727 vKEL_ID KEFAMENANU TENGAH
14:50:56:727 vKEC_ID KOTA KEFAMENANU
14:50:56:727 vKAB_ID TIMOR TENGAH UTARA
14:50:56:727 vPROP_ID NUSA TENGGARA TIMUR (NTT)
14:50:56:728 vKODE_POS 85612
14:50:56:728 vWILAYAH_ID 80
14:50:56:728 vPEKERJAAN_PEMILIK PELAJAR
14:50:56:728 vNO_UJI_TIPE NO SUT
14:50:56:728 vNO_UJI_BERKALA NO TPT
14:50:56:728 vWARNATNKB_ID 1
14:50:56:728 vTEMPAT_KELUAR MAKASSAR
14:50:56:728 vJD_ID 1
14:50:56:728 vNO_PABEAN 
14:50:56:728 vTGL_PABEAN 
14:50:56:728 vPELABUHAN 
14:50:56:729 vIMPMTHD_ID 0
14:50:56:729 vNO_FAKTUR 003 / 008 / 009 /M
14:50:56:729 vNO_CKD 
14:50:56:729 vKETR_PABEAN FAKTUR FORM A TGL :
14:50:56:729 vPRT_ID 5
14:50:56:729 vNO_PIB 
14:50:56:729 vTGL_PIB 
14:50:56:729 vNAMA_IMPORTIR PT TIGA PILAR MANDIRI
14:50:56:729 vPREVBPKB_ID 
14:50:56:729 vNO_PREVBPKB 
14:50:56:730 vTGL_PREVBPKB 
14:50:56:730 vNREG_PREVBPKB 
14:50:56:730 vTPT_KELUAR_PREVBPKB 
14:50:56:730 vNAMA_PREVPEMILIK 
14:50:56:730 vALAMAT_PREVPEMILIK 
14:50:56:730 vSEBAB_TDKBERLAKU 
14:50:56:730 vSEBAB_TDKBERLAKU_CODE 0
14:50:56:730 vKPKMBR_ID 236
14:50:56:731 vOP_ID 93
14:50:56:731 vNOPOL_REQUEST 0
14:50:56:731 vIS_REPLACEMENT 0
14:50:56:731 vNO_RESI_BAYAR BRI100000002VI2015
14:50:56:731 vPMT_PROD 
14:50:56:731 vIS_BBN2 0
14:50:56:731 vENROLLMENT_TYPE 1
14:50:56:731 vPOLDA_ID 21
14:50:56:731 vPOLRES_ID 1
14:50:56:731 vKISIGN_ID 0
14:50:56:732 vTGLREGISTER 20150625
14:50:56:732 vPemohonID 236
14:50:56:732 ***END FOR TRACE LOG ADD BPKB - BBN1 - ***
14:50:56:883 RESPONSE FROM SERVER - BBN1 - [NO BPKB ]:  - PROSES REGISTRASI SUKSES ! , BPKB ID 1336413
