02:32:56:972 Setting Database Berhasil !
02:33:01:967 Koneksi Database Local DBSIFIK Berhasil!
02:33:08:978 LOGIN ONLINE SUKSES, USER 93 NAMA LENGKAP UPIEXU HAK AKSES ADMINISTRATOR
02:57:04:826 Koneksi Database Local DBSIFIK Berhasil!
02:57:19:987 Koneksi Database Local DBSIFIK Berhasil!
02:57:25:437 LOGIN ONLINE SUKSES, USER 93 NAMA LENGKAP UPIEXU HAK AKSES ADMINISTRATOR
03:02:42:242 Koneksi Database Local DBSIFIK Berhasil!
03:02:47:600 LOGIN ONLINE SUKSES, USER 93 NAMA LENGKAP UPIEXU HAK AKSES ADMINISTRATOR
03:03:20:624 Koneksi Database Local DBSIFIK Berhasil!
03:03:42:505 LOGIN ONLINE SUKSES, USER 93 NAMA LENGKAP UPIEXU HAK AKSES ADMINISTRATOR
03:04:49:851 bpkb_check_point Verifikasi Otomatis pada saat proses pencetakan : berkas id 2505997 check point Verifikasi by 93
03:04:50:452 bpkb_check_point : berkas id 2505997 check point 4 by 93
03:05:00:280 Start Print BPKB
03:05:00:989 Start Print BPKB
03:05:01:535 Start Print BPKB
03:05:02:078 Start Print BPKB
03:05:02:525 Start Print BPKB
03:05:02:985 Start Print BPKB
03:05:03:415 Start Print BPKB
03:05:03:875 Start Print BPKB
03:05:04:305 Start Print BPKB
03:05:04:755 Start Print BPKB
03:05:05:195 Start Print BPKB
03:05:05:665 Start Print BPKB
03:05:06:251 Start Print BPKB
03:05:06:725 Start Print BPKB
03:05:07:155 Start Print BPKB
03:05:07:605 Start Print BPKB
03:05:08:046 Start Print BPKB
03:05:08:508 Start Print BPKB
03:05:08:916 Start Print BPKB
03:05:09:336 Start Print BPKB
03:22:39:872 bpkb_check_point Verifikasi Otomatis pada saat proses pencetakan : berkas id 2572344 check point Verifikasi by 93
03:22:40:472 bpkb_check_point : berkas id 2572344 check point 4 by 93
03:23:14:096 Start Print BPKB
03:23:14:533 Start Print BPKB
03:23:14:973 Start Print BPKB
03:23:15:404 Start Print BPKB
03:23:15:823 Start Print BPKB
03:23:16:313 Start Print BPKB
03:23:16:733 Start Print BPKB
03:23:17:488 Start Print BPKB
03:23:17:923 Start Print BPKB
03:23:18:357 Start Print BPKB
03:23:18:793 Start Print BPKB
03:23:19:245 Start Print BPKB
03:23:19:677 Start Print BPKB
03:23:20:145 Start Print BPKB
03:23:20:605 Start Print BPKB
03:23:21:075 Start Print BPKB
03:23:21:575 Start Print BPKB
03:23:22:289 Start Print BPKB
03:23:22:727 Start Print BPKB
03:23:23:850 Start Print BPKB
03:24:38:463 Start Print BPKB
03:24:38:888 Start Print BPKB
03:24:39:319 Start Print BPKB
03:24:39:753 Start Print BPKB
03:24:40:199 Start Print BPKB
03:24:40:659 Start Print BPKB
03:24:41:156 Start Print BPKB
03:24:41:589 Start Print BPKB
03:24:42:036 Start Print BPKB
03:24:42:500 Start Print BPKB
03:24:42:939 Start Print BPKB
03:24:43:429 Start Print BPKB
03:24:43:869 Start Print BPKB
03:24:44:299 Start Print BPKB
03:24:44:733 Start Print BPKB
03:24:45:149 Start Print BPKB
03:24:45:599 Start Print BPKB
03:24:46:019 Start Print BPKB
03:24:46:429 Start Print BPKB
03:24:46:882 Start Print BPKB
03:31:04:513 Koneksi Database Local DBSIFIK Berhasil!
03:31:11:243 LOGIN ONLINE SUKSES, USER 93 NAMA LENGKAP UPIEXU HAK AKSES ADMINISTRATOR
03:32:38:019 bpkb_check_point Verifikasi Otomatis pada saat proses pencetakan : berkas id 2505997 check point Verifikasi by 93
03:32:38:609 bpkb_check_point : berkas id 2505997 check point 4 by 93
03:33:16:656 Start Print BPKB
03:33:18:638 Start Print BPKB
03:33:19:164 Start Print BPKB
03:33:19:676 Start Print BPKB
03:33:20:186 Start Print BPKB
03:33:20:876 Start Print BPKB
03:33:21:422 Start Print BPKB
03:33:21:972 Start Print BPKB
03:33:22:402 Start Print BPKB
03:33:22:832 Start Print BPKB
03:33:23:252 Start Print BPKB
03:33:23:663 Start Print BPKB
03:33:24:095 Start Print BPKB
03:33:24:553 Start Print BPKB
03:33:25:045 Start Print BPKB
03:33:25:513 Start Print BPKB
03:33:26:055 Start Print BPKB
03:33:26:623 Start Print BPKB
03:33:27:143 Start Print BPKB
03:33:27:783 Start Print BPKB
03:36:20:414 bpkb_check_point Verifikasi Otomatis pada saat proses pencetakan : berkas id 2572344 check point Verifikasi by 93
03:36:20:954 bpkb_check_point : berkas id 2572344 check point 4 by 93
03:36:35:689 Start Print BPKB
03:36:36:149 Start Print BPKB
03:36:36:585 Start Print BPKB
03:36:37:016 Start Print BPKB
03:36:37:455 Start Print BPKB
03:36:37:905 Start Print BPKB
03:36:39:025 Start Print BPKB
03:36:39:449 Start Print BPKB
03:36:39:895 Start Print BPKB
03:36:40:315 Start Print BPKB
03:36:40:847 Start Print BPKB
03:36:41:289 Start Print BPKB
03:36:41:725 Start Print BPKB
03:36:42:141 Start Print BPKB
03:36:42:599 Start Print BPKB
03:36:43:138 Start Print BPKB
03:36:43:747 Start Print BPKB
03:36:45:021 Start Print BPKB
03:36:45:574 Start Print BPKB
03:36:47:961 Start Print BPKB
04:08:27:599 Koneksi Database Local DBSIFIK Berhasil!
04:08:35:520 LOGIN ONLINE SUKSES, USER 93 NAMA LENGKAP UPIEXU HAK AKSES ADMINISTRATOR
04:28:02:169 Koneksi Database Local DBSIFIK Berhasil!
04:28:09:090 LOGIN ONLINE SUKSES, USER 93 NAMA LENGKAP UPIEXU HAK AKSES ADMINISTRATOR
05:16:31:826 Koneksi Database Local DBSIFIK Berhasil!
05:16:42:586 LOGIN ONLINE SUKSES, USER 93 NAMA LENGKAP UPIEXU HAK AKSES ADMINISTRATOR
05:28:15:049 Koneksi Database Local DBSIFIK Berhasil!
05:28:20:576 LOGIN ONLINE SUKSES, USER 93 NAMA LENGKAP UPIEXU HAK AKSES ADMINISTRATOR
05:34:24:852 Koneksi Database Local DBSIFIK Berhasil!
05:34:39:633 LOGIN ONLINE SUKSES, USER 93 NAMA LENGKAP UPIEXU HAK AKSES ADMINISTRATOR
05:45:25:691 RESPONSE FROM SERVER - BBN1 - [NO BPKB ]: L 06314356 R - PROSES REGISTRASI SUKSES ! , BPKB ID 2235649
05:55:17:038 Koneksi Database Local DBSIFIK Berhasil!
05:55:47:799 LOGIN ONLINE SUKSES, USER 93 NAMA LENGKAP UPIEXU HAK AKSES ADMINISTRATOR
08:03:04:666 Koneksi Database Local DBSIFIK Berhasil!
08:03:08:642 LOGIN ONLINE SUKSES, USER 93 NAMA LENGKAP UPIEXU HAK AKSES ADMINISTRATOR
08:14:22:426 Koneksi Database Local DBSIFIK Berhasil!
08:14:36:737 LOGIN ONLINE SUKSES, USER 93 NAMA LENGKAP UPIEXU HAK AKSES ADMINISTRATOR
08:14:44:063 Koneksi Database Local DBSIFIK Berhasil!
08:14:49:959 LOGIN ONLINE SUKSES, USER 93 NAMA LENGKAP UPIEXU HAK AKSES ADMINISTRATOR
08:17:24:270 Koneksi Database Local DBSIFIK Berhasil!
08:18:30:747 Koneksi Database Local DBSIFIK Berhasil!
08:18:41:422 LOGIN ONLINE SUKSES, USER 93 NAMA LENGKAP UPIEXU HAK AKSES ADMINISTRATOR
09:03:28:084 RESPONSE FROM SERVER - BALIK NAMA - [NO BPKB ]: L 09999999 R - PROSES REGISTRASI SUKSES ! , BPKB ID 2235650 NO BPKB L 09999999 R
11:59:06:403 Koneksi Database Local DBSIFIK Berhasil!
11:59:15:046 LOGIN ONLINE SUKSES, USER 93 NAMA LENGKAP UPIEXU HAK AKSES ADMINISTRATOR
12:25:03:150 RESPONSE FROM SERVER - BBN1 - [NO BPKB ]: L 06314358 R - PROSES REGISTRASI SUKSES ! , BPKB ID 2235651
13:47:30:911 Koneksi Database Local DBSIFIK Berhasil!
13:47:38:760 LOGIN ONLINE SUKSES, USER 93 NAMA LENGKAP UPIEXU HAK AKSES ADMINISTRATOR
14:07:00:088 Koneksi Database Local DBSIFIK Berhasil!
14:51:50:211 Koneksi Database Local DBSIFIK Berhasil!
14:51:53:501 LOGIN ONLINE SUKSES, USER 93 NAMA LENGKAP UPIEXU HAK AKSES ADMINISTRATOR
17:38:53:662 Koneksi Database Local DBSIFIK Berhasil!
17:38:59:833 LOGIN ONLINE SUKSES, USER 93 NAMA LENGKAP UPIEXU HAK AKSES ADMINISTRATOR
